irun(64): 15.20-s036: (c) Copyright 1995-2017 Cadence Design Systems, Inc.
TOOL:	irun(64)	15.20-s036: Started on Feb 17, 2022 at 17:06:59 EST
irun
	-f file_list.f
		-smartorder
		-work work
		-V93
		-top tb_mux4to1
		-notimingchecks
		-gui
		-access +rw
		../../rtl/mux4to1.vhd
		../tb/tb_mux4to1.vhd
INCLUDE	$CDS_ROOT/share/cdssetup/cds.lib
|
irun: *W,DLCVAR (/home/100000000819930/cds.lib,5): cds.lib Invalid environment variable ''.
DEFINE sbaLib 			$CDS_ROOT/tools/dfII/etc/cdslib/artist/sbaLib 
|
irun: *W,DLCVAR (/home/100000000819930/cds.lib,7): cds.lib Invalid environment variable ''.
DEFINE sample 			$CDS_ROOT/tools/dfII/samples/cdslib/sample 
|
irun: *W,DLCVAR (/home/100000000819930/cds.lib,8): cds.lib Invalid environment variable ''.
DEFINE connectLib		$IUSHOME/tools/affirma_ams/etc/connect_lib/connectLib
|
irun: *W,DLCVAR (/home/100000000819930/cds.lib,9): cds.lib Invalid environment variable ''.
DEFINE cmrf7sf 			$IBMPDK/cmrf7sf/relAM/cdslib/cmrf7sf
|
irun: *W,DLCVAR (/home/100000000819930/cds.lib,14): cds.lib Invalid environment variable ''.
DEFINE esd7rf 			$IBMPDK/cmrf7sf/relAM/cdslib/esd7rf
|
irun: *W,DLCVAR (/home/100000000819930/cds.lib,15): cds.lib Invalid environment variable ''.
DEFINE std_cells		$IBMPDK/cmrf7sf/std_cells
|
irun: *W,DLCVAR (/home/100000000819930/cds.lib,16): cds.lib Invalid environment variable ''.
INCLUDE	$CDS_ROOT/share/cdssetup/cds.lib
|
irun: *W,DLCVAR (/home/100000000819930/cds.lib,5): cds.lib Invalid environment variable ''.
DEFINE sbaLib 			$CDS_ROOT/tools/dfII/etc/cdslib/artist/sbaLib 
|
irun: *W,DLCVAR (/home/100000000819930/cds.lib,7): cds.lib Invalid environment variable ''.
DEFINE sample 			$CDS_ROOT/tools/dfII/samples/cdslib/sample 
|
irun: *W,DLCVAR (/home/100000000819930/cds.lib,8): cds.lib Invalid environment variable ''.
DEFINE connectLib		$IUSHOME/tools/affirma_ams/etc/connect_lib/connectLib
|
irun: *W,DLCVAR (/home/100000000819930/cds.lib,9): cds.lib Invalid environment variable ''.
DEFINE cmrf7sf 			$IBMPDK/cmrf7sf/relAM/cdslib/cmrf7sf
|
irun: *W,DLCVAR (/home/100000000819930/cds.lib,14): cds.lib Invalid environment variable ''.
DEFINE esd7rf 			$IBMPDK/cmrf7sf/relAM/cdslib/esd7rf
|
irun: *W,DLCVAR (/home/100000000819930/cds.lib,15): cds.lib Invalid environment variable ''.
DEFINE std_cells		$IBMPDK/cmrf7sf/std_cells
|
irun: *W,DLCVAR (/home/100000000819930/cds.lib,16): cds.lib Invalid environment variable ''.
INCLUDE	$CDS_ROOT/share/cdssetup/cds.lib
|
irun: *W,DLCVAR (/home/100000000819930/cds.lib,5): cds.lib Invalid environment variable ''.
DEFINE sbaLib 			$CDS_ROOT/tools/dfII/etc/cdslib/artist/sbaLib 
|
irun: *W,DLCVAR (/home/100000000819930/cds.lib,7): cds.lib Invalid environment variable ''.
DEFINE sample 			$CDS_ROOT/tools/dfII/samples/cdslib/sample 
|
irun: *W,DLCVAR (/home/100000000819930/cds.lib,8): cds.lib Invalid environment variable ''.
DEFINE connectLib		$IUSHOME/tools/affirma_ams/etc/connect_lib/connectLib
|
irun: *W,DLCVAR (/home/100000000819930/cds.lib,9): cds.lib Invalid environment variable ''.
DEFINE cmrf7sf 			$IBMPDK/cmrf7sf/relAM/cdslib/cmrf7sf
|
irun: *W,DLCVAR (/home/100000000819930/cds.lib,14): cds.lib Invalid environment variable ''.
DEFINE esd7rf 			$IBMPDK/cmrf7sf/relAM/cdslib/esd7rf
|
irun: *W,DLCVAR (/home/100000000819930/cds.lib,15): cds.lib Invalid environment variable ''.
DEFINE std_cells		$IBMPDK/cmrf7sf/std_cells
|
irun: *W,DLCVAR (/home/100000000819930/cds.lib,16): cds.lib Invalid environment variable ''.
INCLUDE	$CDS_ROOT/share/cdssetup/cds.lib
|
irun: *W,DLCVAR (/home/100000000819930/cds.lib,5): cds.lib Invalid environment variable ''.
DEFINE sbaLib 			$CDS_ROOT/tools/dfII/etc/cdslib/artist/sbaLib 
|
irun: *W,DLCVAR (/home/100000000819930/cds.lib,7): cds.lib Invalid environment variable ''.
DEFINE sample 			$CDS_ROOT/tools/dfII/samples/cdslib/sample 
|
irun: *W,DLCVAR (/home/100000000819930/cds.lib,8): cds.lib Invalid environment variable ''.
DEFINE connectLib		$IUSHOME/tools/affirma_ams/etc/connect_lib/connectLib
|
irun: *W,DLCVAR (/home/100000000819930/cds.lib,9): cds.lib Invalid environment variable ''.
DEFINE cmrf7sf 			$IBMPDK/cmrf7sf/relAM/cdslib/cmrf7sf
|
irun: *W,DLCVAR (/home/100000000819930/cds.lib,14): cds.lib Invalid environment variable ''.
DEFINE esd7rf 			$IBMPDK/cmrf7sf/relAM/cdslib/esd7rf
|
irun: *W,DLCVAR (/home/100000000819930/cds.lib,15): cds.lib Invalid environment variable ''.
DEFINE std_cells		$IBMPDK/cmrf7sf/std_cells
|
irun: *W,DLCVAR (/home/100000000819930/cds.lib,16): cds.lib Invalid environment variable ''.
INCLUDE	$CDS_ROOT/share/cdssetup/cds.lib
|
irun: *W,DLCVAR (/home/100000000819930/cds.lib,5): cds.lib Invalid environment variable ''.
DEFINE sbaLib 			$CDS_ROOT/tools/dfII/etc/cdslib/artist/sbaLib 
|
irun: *W,DLCVAR (/home/100000000819930/cds.lib,7): cds.lib Invalid environment variable ''.
DEFINE sample 			$CDS_ROOT/tools/dfII/samples/cdslib/sample 
|
irun: *W,DLCVAR (/home/100000000819930/cds.lib,8): cds.lib Invalid environment variable ''.
DEFINE connectLib		$IUSHOME/tools/affirma_ams/etc/connect_lib/connectLib
|
irun: *W,DLCVAR (/home/100000000819930/cds.lib,9): cds.lib Invalid environment variable ''.
DEFINE cmrf7sf 			$IBMPDK/cmrf7sf/relAM/cdslib/cmrf7sf
|
irun: *W,DLCVAR (/home/100000000819930/cds.lib,14): cds.lib Invalid environment variable ''.
DEFINE esd7rf 			$IBMPDK/cmrf7sf/relAM/cdslib/esd7rf
|
irun: *W,DLCVAR (/home/100000000819930/cds.lib,15): cds.lib Invalid environment variable ''.
DEFINE std_cells		$IBMPDK/cmrf7sf/std_cells
|
irun: *W,DLCVAR (/home/100000000819930/cds.lib,16): cds.lib Invalid environment variable ''.
INCLUDE	$CDS_ROOT/share/cdssetup/cds.lib
|
irun: *W,DLCVAR (/home/100000000819930/cds.lib,5): cds.lib Invalid environment variable ''.
DEFINE sbaLib 			$CDS_ROOT/tools/dfII/etc/cdslib/artist/sbaLib 
|
irun: *W,DLCVAR (/home/100000000819930/cds.lib,7): cds.lib Invalid environment variable ''.
DEFINE sample 			$CDS_ROOT/tools/dfII/samples/cdslib/sample 
|
irun: *W,DLCVAR (/home/100000000819930/cds.lib,8): cds.lib Invalid environment variable ''.
DEFINE connectLib		$IUSHOME/tools/affirma_ams/etc/connect_lib/connectLib
|
irun: *W,DLCVAR (/home/100000000819930/cds.lib,9): cds.lib Invalid environment variable ''.
DEFINE cmrf7sf 			$IBMPDK/cmrf7sf/relAM/cdslib/cmrf7sf
|
irun: *W,DLCVAR (/home/100000000819930/cds.lib,14): cds.lib Invalid environment variable ''.
DEFINE esd7rf 			$IBMPDK/cmrf7sf/relAM/cdslib/esd7rf
|
irun: *W,DLCVAR (/home/100000000819930/cds.lib,15): cds.lib Invalid environment variable ''.
DEFINE std_cells		$IBMPDK/cmrf7sf/std_cells
|
irun: *W,DLCVAR (/home/100000000819930/cds.lib,16): cds.lib Invalid environment variable ''.
INCLUDE	$CDS_ROOT/share/cdssetup/cds.lib
|
irun: *W,DLCVAR (/home/100000000819930/cds.lib,5): cds.lib Invalid environment variable ''.
DEFINE sbaLib 			$CDS_ROOT/tools/dfII/etc/cdslib/artist/sbaLib 
|
irun: *W,DLCVAR (/home/100000000819930/cds.lib,7): cds.lib Invalid environment variable ''.
DEFINE sample 			$CDS_ROOT/tools/dfII/samples/cdslib/sample 
|
irun: *W,DLCVAR (/home/100000000819930/cds.lib,8): cds.lib Invalid environment variable ''.
DEFINE connectLib		$IUSHOME/tools/affirma_ams/etc/connect_lib/connectLib
|
irun: *W,DLCVAR (/home/100000000819930/cds.lib,9): cds.lib Invalid environment variable ''.
DEFINE cmrf7sf 			$IBMPDK/cmrf7sf/relAM/cdslib/cmrf7sf
|
irun: *W,DLCVAR (/home/100000000819930/cds.lib,14): cds.lib Invalid environment variable ''.
DEFINE esd7rf 			$IBMPDK/cmrf7sf/relAM/cdslib/esd7rf
|
irun: *W,DLCVAR (/home/100000000819930/cds.lib,15): cds.lib Invalid environment variable ''.
DEFINE std_cells		$IBMPDK/cmrf7sf/std_cells
|
irun: *W,DLCVAR (/home/100000000819930/cds.lib,16): cds.lib Invalid environment variable ''.
INCLUDE	$CDS_ROOT/share/cdssetup/cds.lib
|
ncsim: *W,DLCVAR (/home/100000000819930/cds.lib,5): cds.lib Invalid environment variable ''.
DEFINE sbaLib 			$CDS_ROOT/tools/dfII/etc/cdslib/artist/sbaLib 
|
ncsim: *W,DLCVAR (/home/100000000819930/cds.lib,7): cds.lib Invalid environment variable ''.
DEFINE sample 			$CDS_ROOT/tools/dfII/samples/cdslib/sample 
|
ncsim: *W,DLCVAR (/home/100000000819930/cds.lib,8): cds.lib Invalid environment variable ''.
DEFINE connectLib		$IUSHOME/tools/affirma_ams/etc/connect_lib/connectLib
|
ncsim: *W,DLCVAR (/home/100000000819930/cds.lib,9): cds.lib Invalid environment variable ''.
DEFINE cmrf7sf 			$IBMPDK/cmrf7sf/relAM/cdslib/cmrf7sf
|
ncsim: *W,DLCVAR (/home/100000000819930/cds.lib,14): cds.lib Invalid environment variable ''.
DEFINE esd7rf 			$IBMPDK/cmrf7sf/relAM/cdslib/esd7rf
|
ncsim: *W,DLCVAR (/home/100000000819930/cds.lib,15): cds.lib Invalid environment variable ''.
DEFINE std_cells		$IBMPDK/cmrf7sf/std_cells
|
ncsim: *W,DLCVAR (/home/100000000819930/cds.lib,16): cds.lib Invalid environment variable ''.

-------------------------------------
Relinquished control to SimVision...
ncsim> 
ncsim> database -open waves -into waves.shm -default
Created default SHM database waves
ncsim> probe -create -shm :UUT:A :UUT:S :UUT:Sel
Created probe 1
ncsim> run 100ns
Ran until 100 NS + 0
ncsim> run 220ns
Ran until 320 NS + 0
ncsim> run 5ns
Ran until 325 NS + 0
ncsim> 