
Cadence Innovus(TM) Implementation System.
Copyright 2016 Cadence Design Systems, Inc. All rights reserved worldwide.

Version:	v16.24-s058_1, built Thu Aug 17 13:59:29 PDT 2017
Options:	
Date:		Tue Mar  1 13:05:51 2022
Host:		energia07 (x86_64 w/Linux 3.10.0-957.el7.x86_64) (4cores*4cpus*Intel(R) Core(TM) i3-8100T CPU @ 3.10GHz 6144KB)
OS:		CentOS Linux release 7.6.1810 (Core) 

License:
		invs	Innovus Implementation System	16.2	checkout succeeded
		8 CPU jobs allowed with the current license(s). Use setMultiCpuUsage to set your required CPU count.

**INFO:  MMMC transition support version v31-84 

<CMD> set_global _enable_mmmc_by_default_flow      $CTE::mmmc_default
<CMD> suppressMessage ENCEXT-2799
<CMD> getDrawView
<CMD> loadWorkspace -name Physical
<CMD> win
<CMD> set init_pwr_net vdd
<CMD> set init_gnd_net gnd
<CMD> set init_verilog layout/contador.v
<CMD> set init_design_netlisttype Verilog
<CMD> set init_design_settop 1
<CMD> set init_top_cell contador
<CMD> set init_mmmc_file layout/contador.mmode.tcl
<CMD> set init_lef_file {/usr/eda/dk/ibm/cmrf7sf/digital_20111130/lef//cmos7rf_6ML_tech.lef /usr/eda/dk/ibm/cmrf7sf/digital_20111130/lef//ibm_cmos7rf_sc_12Track.lef}
<CMD> set fp_core_cntl aspect
<CMD> set fp_aspect_ratio 1.0000
<CMD> set extract_shrink_factor 1.0
**WARN: (IMPSYC-6163):	Command 'setDoAssign' is obsolete and will be made private and will be unsupported in future release. To avoid this warning, please remove the obsolete command from your script.
<CMD> set init_assign_buffer 0
<CMD> set init_cpf_file {}
<CMD> init_design
#- Begin Load MMMC data ... (date=03/01 13:08:23, mem=474.1M)
#- End Load MMMC data ... (date=03/01 13:08:23, total cpu=0:00:00.0, real=0:00:00.0, peak res=49.2M, current mem=474.1M)
_default_rc_corner_
**WARN: (IMPSYC-6163):	Command 'setDoAssign' is obsolete and will be made private and will be unsupported in future release. To avoid this warning, please remove the obsolete command from your script.

Loading LEF file /usr/eda/dk/ibm/cmrf7sf/digital_20111130/lef/cmos7rf_6ML_tech.lef ...

Loading LEF file /usr/eda/dk/ibm/cmrf7sf/digital_20111130/lef/ibm_cmos7rf_sc_12Track.lef ...
Set DBUPerIGU to M2 pitch 560.
WARNING (LEFPARS-2001): No VERSION statement found, using the default value 5.8. See file /usr/eda/dk/ibm/cmrf7sf/digital_20111130/lef/ibm_cmos7rf_sc_12Track.lef at line 39680.

viaInitial starts at Tue Mar  1 13:08:23 2022
viaInitial ends at Tue Mar  1 13:08:23 2022
Loading view definition file from layout/contador.mmode.tcl
Reading default_library_set timing library '/usr/eda/dk/ibm/cmrf7sf/digital_20111130/synopsys/nom/PnomV180T025_STD_CELL_7RF.lib' ...
**WARN: (TECHLIB-436):	Attribute 'max_fanout' on 'output/inout' pin 'Q' of cell 'DFF_E' is not defined in the library. (File /usr/eda/dk/ibm/cmrf7sf/digital_20111130/synopsys/nom/PnomV180T025_STD_CELL_7RF.lib)
**WARN: (TECHLIB-436):	Attribute 'max_fanout' on 'output/inout' pin 'QBAR' of cell 'DFF_E' is not defined in the library. (File /usr/eda/dk/ibm/cmrf7sf/digital_20111130/synopsys/nom/PnomV180T025_STD_CELL_7RF.lib)
**WARN: (TECHLIB-436):	Attribute 'max_fanout' on 'output/inout' pin 'Q' of cell 'DFF_H' is not defined in the library. (File /usr/eda/dk/ibm/cmrf7sf/digital_20111130/synopsys/nom/PnomV180T025_STD_CELL_7RF.lib)
**WARN: (TECHLIB-436):	Attribute 'max_fanout' on 'output/inout' pin 'QBAR' of cell 'DFF_H' is not defined in the library. (File /usr/eda/dk/ibm/cmrf7sf/digital_20111130/synopsys/nom/PnomV180T025_STD_CELL_7RF.lib)
**WARN: (TECHLIB-436):	Attribute 'max_fanout' on 'output/inout' pin 'Q' of cell 'DFF_K' is not defined in the library. (File /usr/eda/dk/ibm/cmrf7sf/digital_20111130/synopsys/nom/PnomV180T025_STD_CELL_7RF.lib)
**WARN: (TECHLIB-436):	Attribute 'max_fanout' on 'output/inout' pin 'QBAR' of cell 'DFF_K' is not defined in the library. (File /usr/eda/dk/ibm/cmrf7sf/digital_20111130/synopsys/nom/PnomV180T025_STD_CELL_7RF.lib)
**WARN: (TECHLIB-436):	Attribute 'max_fanout' on 'output/inout' pin 'Q' of cell 'DFFR_E' is not defined in the library. (File /usr/eda/dk/ibm/cmrf7sf/digital_20111130/synopsys/nom/PnomV180T025_STD_CELL_7RF.lib)
**WARN: (TECHLIB-436):	Attribute 'max_fanout' on 'output/inout' pin 'QBAR' of cell 'DFFR_E' is not defined in the library. (File /usr/eda/dk/ibm/cmrf7sf/digital_20111130/synopsys/nom/PnomV180T025_STD_CELL_7RF.lib)
**WARN: (TECHLIB-436):	Attribute 'max_fanout' on 'output/inout' pin 'Q' of cell 'DFFR_H' is not defined in the library. (File /usr/eda/dk/ibm/cmrf7sf/digital_20111130/synopsys/nom/PnomV180T025_STD_CELL_7RF.lib)
**WARN: (TECHLIB-436):	Attribute 'max_fanout' on 'output/inout' pin 'QBAR' of cell 'DFFR_H' is not defined in the library. (File /usr/eda/dk/ibm/cmrf7sf/digital_20111130/synopsys/nom/PnomV180T025_STD_CELL_7RF.lib)
**WARN: (TECHLIB-436):	Attribute 'max_fanout' on 'output/inout' pin 'Q' of cell 'DFFR_K' is not defined in the library. (File /usr/eda/dk/ibm/cmrf7sf/digital_20111130/synopsys/nom/PnomV180T025_STD_CELL_7RF.lib)
**WARN: (TECHLIB-436):	Attribute 'max_fanout' on 'output/inout' pin 'QBAR' of cell 'DFFR_K' is not defined in the library. (File /usr/eda/dk/ibm/cmrf7sf/digital_20111130/synopsys/nom/PnomV180T025_STD_CELL_7RF.lib)
**WARN: (TECHLIB-436):	Attribute 'max_fanout' on 'output/inout' pin 'Q' of cell 'DFFS_E' is not defined in the library. (File /usr/eda/dk/ibm/cmrf7sf/digital_20111130/synopsys/nom/PnomV180T025_STD_CELL_7RF.lib)
**WARN: (TECHLIB-436):	Attribute 'max_fanout' on 'output/inout' pin 'QBAR' of cell 'DFFS_E' is not defined in the library. (File /usr/eda/dk/ibm/cmrf7sf/digital_20111130/synopsys/nom/PnomV180T025_STD_CELL_7RF.lib)
**WARN: (TECHLIB-436):	Attribute 'max_fanout' on 'output/inout' pin 'Q' of cell 'DFFS_H' is not defined in the library. (File /usr/eda/dk/ibm/cmrf7sf/digital_20111130/synopsys/nom/PnomV180T025_STD_CELL_7RF.lib)
**WARN: (TECHLIB-436):	Attribute 'max_fanout' on 'output/inout' pin 'QBAR' of cell 'DFFS_H' is not defined in the library. (File /usr/eda/dk/ibm/cmrf7sf/digital_20111130/synopsys/nom/PnomV180T025_STD_CELL_7RF.lib)
**WARN: (TECHLIB-436):	Attribute 'max_fanout' on 'output/inout' pin 'Q' of cell 'DFFS_K' is not defined in the library. (File /usr/eda/dk/ibm/cmrf7sf/digital_20111130/synopsys/nom/PnomV180T025_STD_CELL_7RF.lib)
**WARN: (TECHLIB-436):	Attribute 'max_fanout' on 'output/inout' pin 'QBAR' of cell 'DFFS_K' is not defined in the library. (File /usr/eda/dk/ibm/cmrf7sf/digital_20111130/synopsys/nom/PnomV180T025_STD_CELL_7RF.lib)
**WARN: (TECHLIB-436):	Attribute 'max_fanout' on 'output/inout' pin 'Q' of cell 'DFFSR_E' is not defined in the library. (File /usr/eda/dk/ibm/cmrf7sf/digital_20111130/synopsys/nom/PnomV180T025_STD_CELL_7RF.lib)
**WARN: (TECHLIB-436):	Attribute 'max_fanout' on 'output/inout' pin 'QBAR' of cell 'DFFSR_E' is not defined in the library. (File /usr/eda/dk/ibm/cmrf7sf/digital_20111130/synopsys/nom/PnomV180T025_STD_CELL_7RF.lib)
Message <TECHLIB-436> has exceeded the message display limit of '20'. Use 'set_message -no_limit -id list_of_msgIDs' to reset the message limit.
**WARN: (TECHLIB-1161):	The library level attribute default_wire_load on line 136618 is defined after at least one cell definition. The attribute will be ignored. (File /usr/eda/dk/ibm/cmrf7sf/digital_20111130/synopsys/nom/PnomV180T025_STD_CELL_7RF.lib)
**WARN: (TECHLIB-1161):	The library level attribute default_wire_load_selection on line 136619 is defined after at least one cell definition. The attribute will be ignored. (File /usr/eda/dk/ibm/cmrf7sf/digital_20111130/synopsys/nom/PnomV180T025_STD_CELL_7RF.lib)
**WARN: (TECHLIB-1161):	The library level attribute default_operating_conditions on line 136620 is defined after at least one cell definition. The attribute will be ignored. (File /usr/eda/dk/ibm/cmrf7sf/digital_20111130/synopsys/nom/PnomV180T025_STD_CELL_7RF.lib)
**WARN: (TECHLIB-302):	No function defined for cell 'DECAP_C'. The cell will only be used for analysis. (File /usr/eda/dk/ibm/cmrf7sf/digital_20111130/synopsys/nom/PnomV180T025_STD_CELL_7RF.lib)
**WARN: (TECHLIB-302):	No function defined for cell 'DECAP_B'. The cell will only be used for analysis. (File /usr/eda/dk/ibm/cmrf7sf/digital_20111130/synopsys/nom/PnomV180T025_STD_CELL_7RF.lib)
**WARN: (TECHLIB-302):	No function defined for cell 'DECAP_A'. The cell will only be used for analysis. (File /usr/eda/dk/ibm/cmrf7sf/digital_20111130/synopsys/nom/PnomV180T025_STD_CELL_7RF.lib)
**WARN: (TECHLIB-302):	No function defined for cell 'TERM_D'. The cell will only be used for analysis. (File /usr/eda/dk/ibm/cmrf7sf/digital_20111130/synopsys/nom/PnomV180T025_STD_CELL_7RF.lib)
**WARN: (TECHLIB-302):	No function defined for cell 'TERM_C'. The cell will only be used for analysis. (File /usr/eda/dk/ibm/cmrf7sf/digital_20111130/synopsys/nom/PnomV180T025_STD_CELL_7RF.lib)
**WARN: (TECHLIB-302):	No function defined for cell 'TERM_B'. The cell will only be used for analysis. (File /usr/eda/dk/ibm/cmrf7sf/digital_20111130/synopsys/nom/PnomV180T025_STD_CELL_7RF.lib)
**WARN: (TECHLIB-302):	No function defined for cell 'TERM_A'. The cell will only be used for analysis. (File /usr/eda/dk/ibm/cmrf7sf/digital_20111130/synopsys/nom/PnomV180T025_STD_CELL_7RF.lib)
**WARN: (TECHLIB-302):	No function defined for cell 'FGTIE_A'. The cell will only be used for analysis. (File /usr/eda/dk/ibm/cmrf7sf/digital_20111130/synopsys/nom/PnomV180T025_STD_CELL_7RF.lib)
Read 361 cells in library 'PnomV180T025_STD_CELL_7RF' 
*** End library_loading (cpu=0.00min, real=0.02min, mem=18.5M, fe_cpu=0.56min, fe_real=2.55min, fe_mem=499.8M) ***
#- Begin Load netlist data ... (date=03/01 13:08:24, mem=499.8M)
*** Begin netlist parsing (mem=499.8M) ***
Created 361 new cells from 1 timing libraries.
Reading netlist ...
Backslashed names will retain backslash and a trailing blank character.
Reading verilog netlist 'layout/contador.v'

*** Memory Usage v#1 (Current mem = 499.766M, initial mem = 169.984M) ***
*** End netlist parsing (cpu=0:00:00.0, real=0:00:00.0, mem=499.8M) ***
#- End Load netlist data ... (date=03/01 13:08:24, total cpu=0:00:00.0, real=0:00:00.0, peak res=69.1M, current mem=499.8M)
Set top cell to contador.
Hooked 361 DB cells to tlib cells.
Starting recursive module instantiation check.
No recursion found.
Building hierarchical netlist for Cell contador ...
*** Netlist is unique.
** info: there are 371 modules.
** info: there are 10 stdCell insts.

*** Memory Usage v#1 (Current mem = 536.441M, initial mem = 169.984M) ***
Set Default Net Delay as 1000 ps.
Set Default Net Load as 0.5 pF. 
Set Default Input Pin Transition as 0.1 ps.
*Info: initialize multi-corner CTS.
Reading timing constraints file 'layout/contador._default_constraint_mode_.sdc' ...
Current (total cpu=0:00:33.7, real=0:02:33, peak res=218.9M, current mem=656.7M)
contador
**WARN: (TCLNL-330):	set_input_delay on clock root 'clk' is not supported. You should use the -source option to set_clock_latency to provide this offset. You can also use the global timing_allow_input_delay_on_clock_source to allow set_input_delay assertion to have an effect on clock source paths beginning at this clock root. (File layout/contador._default_constraint_mode_.sdc, Line 17).

INFO (CTE): Reading of timing constraints file layout/contador._default_constraint_mode_.sdc completed, with 1 WARNING
WARNING (CTE-25): Line: 9, 10 of File layout/contador._default_constraint_mode_.sdc : Skipped unsupported command: set_units


Ending "Constraint file reading stats" (total cpu=0:00:00.0, real=0:00:00.0, peak res=236.0M, current mem=674.0M)
Current (total cpu=0:00:33.8, real=0:02:33, peak res=236.0M, current mem=674.0M)
Total number of combinational cells: 331
Total number of sequential cells: 30
Total number of tristate cells: 0
Total number of level shifter cells: 0
Total number of power gating cells: 0
Total number of isolation cells: 0
Total number of power switch cells: 0
Total number of pulse generator cells: 0
Total number of always on buffers: 0
Total number of retention cells: 0
List of usable buffers: BUFFER_C BUFFER_D BUFFER_E BUFFER_F BUFFER_I BUFFER_H BUFFER_J BUFFER_L BUFFER_K BUFFER_M BUFFER_N BUFFER_O CLK_I CLK_K CLK_M CLK_O CLK_Q
Total number of usable buffers: 17
List of unusable buffers:
Total number of unusable buffers: 0
List of usable inverters: CLKI_I CLKI_K CLKI_M CLKI_O CLKI_Q INVERT_A INVERT_B INVERT_C INVERT_D INVERT_E INVERT_F INVERT_I INVERT_H INVERT_J INVERT_L INVERT_K INVERT_M INVERT_N INVERT_O INVERT_U INVERTBAL_H INVERTBAL_E INVERTBAL_J INVERTBAL_L
Total number of usable inverters: 24
List of unusable inverters:
Total number of unusable inverters: 0
List of identified usable delay cells: DELAY4_C DELAY4_J DELAY4_F DELAY6_A DELAY6_B DELAY6_C DELAY6_F DELAY6_M DELAY6_J
Total number of identified usable delay cells: 9
List of identified unusable delay cells:
Total number of identified unusable delay cells: 0
Extraction setup Started 
Initializing multi-corner RC extraction with 1 active RC Corners ...
**WARN: (IMPEXT-2773):	The via resistance between layers M0 and M1 could not be determined from the LEF technology file because the via resistance specification is missing. A default of 4 Ohms will be used as via resistance between these layers.
Type 'man IMPEXT-2773' for more detail.
**WARN: (IMPEXT-2773):	The via resistance between layers M1 and M2 could not be determined from the LEF technology file because the via resistance specification is missing. A default of 4 Ohms will be used as via resistance between these layers.
Type 'man IMPEXT-2773' for more detail.
**WARN: (IMPEXT-2773):	The via resistance between layers M2 and M3 could not be determined from the LEF technology file because the via resistance specification is missing. A default of 4 Ohms will be used as via resistance between these layers.
Type 'man IMPEXT-2773' for more detail.
**WARN: (IMPEXT-2773):	The via resistance between layers M3 and M4 could not be determined from the LEF technology file because the via resistance specification is missing. A default of 4 Ohms will be used as via resistance between these layers.
Type 'man IMPEXT-2773' for more detail.
**WARN: (IMPEXT-2773):	The via resistance between layers M4 and M5 could not be determined from the LEF technology file because the via resistance specification is missing. A default of 4 Ohms will be used as via resistance between these layers.
Type 'man IMPEXT-2773' for more detail.
**WARN: (IMPEXT-2773):	The via resistance between layers M5 and M6 could not be determined from the LEF technology file because the via resistance specification is missing. A default of 4 Ohms will be used as via resistance between these layers.
Type 'man IMPEXT-2773' for more detail.
**WARN: (IMPEXT-2766):	The sheet resistance for layer M1 is not defined in the cap table. Therefore, the LEF value 0.076 will be used instead. To avoid this message, update the relevant cap table to include the sheet resistance for the specified layer and read it back in.
**WARN: (IMPEXT-2766):	The sheet resistance for layer M2 is not defined in the cap table. Therefore, the LEF value 0.076 will be used instead. To avoid this message, update the relevant cap table to include the sheet resistance for the specified layer and read it back in.
**WARN: (IMPEXT-2766):	The sheet resistance for layer M3 is not defined in the cap table. Therefore, the LEF value 0.076 will be used instead. To avoid this message, update the relevant cap table to include the sheet resistance for the specified layer and read it back in.
**WARN: (IMPEXT-2766):	The sheet resistance for layer M4 is not defined in the cap table. Therefore, the LEF value 0.076 will be used instead. To avoid this message, update the relevant cap table to include the sheet resistance for the specified layer and read it back in.
**WARN: (IMPEXT-2766):	The sheet resistance for layer M5 is not defined in the cap table. Therefore, the LEF value 0.044 will be used instead. To avoid this message, update the relevant cap table to include the sheet resistance for the specified layer and read it back in.
**WARN: (IMPEXT-2766):	The sheet resistance for layer M6 is not defined in the cap table. Therefore, the LEF value 0.076 will be used instead. To avoid this message, update the relevant cap table to include the sheet resistance for the specified layer and read it back in.
Summary of Active RC-Corners : 
 
 Analysis View: _default_view_
    RC-Corner Name        : _default_rc_corner_
    RC-Corner Index       : 0
    RC-Corner Temperature : 25 Celsius
    RC-Corner Cap Table   : ''
    RC-Corner PreRoute Res Factor         : 1
    RC-Corner PreRoute Cap Factor         : 1
    RC-Corner PostRoute Res Factor        : 1 {1 1 1}
    RC-Corner PostRoute Cap Factor        : 1 {1 1 1}
    RC-Corner PostRoute XCap Factor       : 1 {1 1 1}
    RC-Corner PreRoute Clock Res Factor   : 1	[Derived from Cap Table]
    RC-Corner PreRoute Clock Cap Factor   : 1	[Derived from Cap Table]
    RC-Corner PostRoute Clock Cap Factor  : 1 {1 1 1} 	[Derived from postRoute_cap (effortLevel low)]
    RC-Corner PostRoute Clock Res Factor  : 1 {1 1 1} 	[Derived from postRoute_res (effortLevel low)]

*** Summary of all messages that are not suppressed in this session:
Severity  ID               Count  Summary                                  
WARNING   IMPEXT-2766          6  The sheet resistance for layer %s is not...
WARNING   IMPEXT-2773          6  The via resistance between layers %s and...
WARNING   IMPSYC-6163          1  Command '%s' is obsolete and will be mad...
WARNING   TCLNL-330            1  set_input_delay on clock root '%s' is no...
WARNING   TECHLIB-302          8  No function defined for cell '%s'. The c...
WARNING   TECHLIB-436         20  Attribute '%s' on '%s' pin '%s' of cell ...
WARNING   TECHLIB-1161         3  The library level attribute %s on line %...
*** Message Summary: 45 warning(s), 0 error(s)

<CMD> um::read_metric -id current layout/contador.metrics.json
<CMD> set_global timing_apply_default_primary_input_assertion false
<CMD> set_global timing_clock_phase_propagation both
<CMD> setAnalysisMode -asyncChecks noAsync
<CMD> setExtractRCMode -layerIndependent 1
<CMD> setPlaceMode -reorderScan false
<CMD> setExtractRCMode -engine preRoute
<CMD> set edi_pe::pegConsiderMacroLayersUnblocked 1
<CMD> set edi_pe::pegPreRouteWireWidthBasedDensityCalModel 1
<CMD> floorPlan -r 0.5 0.7 6 6 6 6
**WARN: (IMPFP-325):	Floorplan of the design is resized. All current floorplan objects are automatically derived based on specified new floorplan. This may change blocks, fixed standard cells, existing routes and blockages.
<CMD> fit
<CMD> clearGlobalNets
<CMD> globalNetConnect vdd -type pgpin -pin VDD! -inst *
<CMD> globalNetConnect gnd -type pgpin -pin GND! -inst *
<CMD> addRing -stacked_via_top_layer M6 -nets {gnd vdd} -around each_block -stacked_via_bottom_layer M1 -layer {bottom M1 top M1 right M2 left M2} -width 2 -spacing 1 -offset 1
#- Begin addRing (date=03/01 13:09:14, mem=676.0M)
**WARN: (IMPPP-4022):	Option "-stacked_via_top_layer" is obsolete and has been replaced by "setAddRingMode -stacked_via_top_layer". The obsolete option still works in this release, but to avoid this warning and to ensure compatibility with future releases, update your script to use "setAddRingMode -stacked_via_top_layer layerName"..
**WARN: (IMPPP-4022):	Option "-stacked_via_bottom_layer" is obsolete and has been replaced by "setAddRingMode -stacked_via_bottom_layer". The obsolete option still works in this release, but to avoid this warning and to ensure compatibility with future releases, update your script to use "setAddRingMode -stacked_via_bottom_layer layerName"..

Ring generation is complete.
vias are now being generated.
addRing created 8 wires.
ViaGen created 8 vias, deleted 0 via to avoid violation.
+--------+----------------+----------------+
|  Layer |     Created    |     Deleted    |
+--------+----------------+----------------+
|   M1   |        4       |       NA       |
|   V1   |        8       |        0       |
|   M2   |        4       |       NA       |
+--------+----------------+----------------+
#- End addRing (date=03/01 13:09:14, total cpu=0:00:00.0, real=0:00:00.0, peak res=240.4M, current mem=677.0M)
<CMD> sroute -connect { blockPin padPin padRing corePin floatingStripe } -layerChangeRange { M1 M6 } -blockPinTarget { nearestRingStripe nearestTarget } -padPinPortConnect { allPort oneGeom } -checkAlignedSecondaryPin 1 -blockPin useLef -allowJogging 1 -crossoverViaBottomLayer M1 -allowLayerChange 1 -targetViaTopLayer M6 -crossoverViaTopLayer M6 -targetViaBottomLayer M1 -nets { gnd vdd }
#- Begin sroute (date=03/01 13:09:14, mem=677.0M)
**WARN: (IMPSR-4054):	Option -checkAlignedSecondaryPin is obsolete. The obsolete option still works in this release, but to avoid this warning and to ensure compatibility with future releases, remove -checkAlignedSecondaryPin from the script.
**WARN: (IMPSR-4053):	Option -crossoverViaBottomLayer is obsolete and has been replaced by -crossoverViaLayerRange. The obsolete option still works in this release, but to avoid this warning and to ensure compatibility with future releases, update the script to use -crossoverViaLayerRange.
**WARN: (IMPSR-4053):	Option -targetViaTopLayer is obsolete and has been replaced by -targetViaLayerRange. The obsolete option still works in this release, but to avoid this warning and to ensure compatibility with future releases, update the script to use -targetViaLayerRange.
**WARN: (IMPSR-4053):	Option -crossoverViaTopLayer is obsolete and has been replaced by -crossoverViaLayerRange. The obsolete option still works in this release, but to avoid this warning and to ensure compatibility with future releases, update the script to use -crossoverViaLayerRange.
**WARN: (IMPSR-4053):	Option -targetViaBottomLayer is obsolete and has been replaced by -targetViaLayerRange. The obsolete option still works in this release, but to avoid this warning and to ensure compatibility with future releases, update the script to use -targetViaLayerRange.
*** Begin SPECIAL ROUTE on Tue Mar  1 13:09:14 2022 ***
SPECIAL ROUTE ran on directory: /home/100000000819930/lab7/lab7/contador10/synthesis
SPECIAL ROUTE ran on machine: energia07 (Linux 3.10.0-957.el7.x86_64 x86_64 1.75Ghz)

Begin option processing ...
srouteConnectPowerBump set to false
routeSelectNet set to "gnd vdd"
routeSpecial set to true
srouteBlockPin set to "useLef"
srouteBottomLayerLimit set to 1
srouteBottomTargetLayerLimit set to 1
srouteConnectConverterPin set to false
srouteCrossoverViaBottomLayer set to 1
srouteCrossoverViaTopLayer set to 6
srouteFollowCorePinEnd set to 3
srouteJogControl set to "preferWithChanges differentLayer"
srouteLevelShifterMaxGap set to 1
sroutePadPinAllPorts set to true
sroutePreserveExistingRoutes set to true
srouteRoutePowerBarPortOnBothDir set to true
srouteStopBlockPin set to "nearestTarget"
srouteTopLayerLimit set to 6
srouteTopTargetLayerLimit set to 6
End option processing: cpu: 0:00:00, real: 0:00:00, peak: 1427.00 megs.

Reading DB technology information...
Finished reading DB technology information.
Reading floorplan and netlist information...
Finished reading floorplan and netlist information.
	1609	
1609	400	
Read in 13 layers, 6 routing layers, 1 overlap layer
Read in 370 macros, 6 used
Read in 6 components
  6 core components: 6 unplaced, 0 placed, 0 fixed
Read in 6 logical pins
Read in 6 nets
Read in 2 special nets, 2 routed
Read in 12 terminals
2 nets selected.

Begin power routing ...
**WARN: (IMPSR-1254):	Cannot find any block pin of net vdd. Check netlist, or change option to include the pin.
**WARN: (IMPSR-1256):	Cannot find any CORE class pad pin of net vdd. Change routing area or layer to include the expected pin, or check netlist, or change port class in the technology file.
Type 'man IMPSR-1256' for more detail.
Cannot find any AREAIO class pad pin of net vdd. Check net list, or change port class in the technology file, or change option to include pin in given range.
**WARN: (IMPSR-1254):	Cannot find any block pin of net gnd. Check netlist, or change option to include the pin.
**WARN: (IMPSR-1256):	Cannot find any CORE class pad pin of net gnd. Change routing area or layer to include the expected pin, or check netlist, or change port class in the technology file.
Type 'man IMPSR-1256' for more detail.
Cannot find any AREAIO class pad pin of net gnd. Check net list, or change port class in the technology file, or change option to include pin in given range.
CPU time for FollowPin 0 seconds
CPU time for FollowPin 0 seconds
  Number of IO ports routed: 0
  Number of Block ports routed: 0
  Number of Stripe ports routed: 0
  Number of Core ports routed: 8
  Number of Pad ports routed: 0
  Number of Power Bump ports routed: 0
  Number of Followpin connections: 4
End power routing: cpu: 0:00:00, real: 0:00:00, peak: 1437.00 megs.



 Begin updating DB with routing results ...
 Updating DB with 0 via definition ...Extracting standard cell pins and blockage ...... 
Pin and blockage extraction finished

sroute created 12 wires.
ViaGen created 8 vias, deleted 0 via to avoid violation.
+--------+----------------+----------------+
|  Layer |     Created    |     Deleted    |
+--------+----------------+----------------+
|   M1   |       12       |       NA       |
|   V1   |        8       |        0       |
+--------+----------------+----------------+
#- End sroute (date=03/01 13:09:14, total cpu=0:00:00.1, real=0:00:00.0, peak res=252.4M, current mem=686.3M)
<CMD> editPin -side Left -pinWidth 0.1 -pinDepth 0.52 -layer 3 -spreadType center -spacing 1 -pin {{clk} {rst} }
To speed up, if you have to run multiple editPin commands then wrap all editPin commands within  'setPinAssignMode -pinEditInBatch true' (then editPin commands) and 'setPinAssignMode -pinEditInBatch false'
**WARN: (IMPPTN-1027):	Pin [clk] has area [0.1456] which is less than the minimum area [0.3136] required on layer [3]. Change pin width or pin depth to meet minimum area rule.
**WARN: (IMPPTN-1027):	Pin [rst] has area [0.1456] which is less than the minimum area [0.3136] required on layer [3]. Change pin width or pin depth to meet minimum area rule.
Successfully spread [2] pins.
editPin : finished (cpu = 0:00:00.0 real = 0:00:00.0, mem = 686.3M).
<CMD> editPin -side Right -pinWidth 0.1 -pinDepth 0.52 -layer 3 -spreadType center -spacing 1 -pin { {count[3]} {count[2]} {count[1]} {count[0]} }
To speed up, if you have to run multiple editPin commands then wrap all editPin commands within  'setPinAssignMode -pinEditInBatch true' (then editPin commands) and 'setPinAssignMode -pinEditInBatch false'
**WARN: (IMPPTN-1027):	Pin [count[2]] has area [0.1456] which is less than the minimum area [0.3136] required on layer [3]. Change pin width or pin depth to meet minimum area rule.
**WARN: (IMPPTN-1027):	Pin [count[1]] has area [0.1456] which is less than the minimum area [0.3136] required on layer [3]. Change pin width or pin depth to meet minimum area rule.
**WARN: (IMPPTN-1027):	Pin [count[3]] has area [0.1456] which is less than the minimum area [0.3136] required on layer [3]. Change pin width or pin depth to meet minimum area rule.
**WARN: (IMPPTN-1027):	Pin [count[0]] has area [0.1456] which is less than the minimum area [0.3136] required on layer [3]. Change pin width or pin depth to meet minimum area rule.
Successfully spread [4] pins.
editPin : finished (cpu = 0:00:00.0 real = 0:00:00.0, mem = 686.3M).
<CMD> addWellTap -cell NWSX -prefix XTAP -cellInterval 30 -checkerBoard
skipRow option will be disabled when checkerBoard is set
Estimated cell power/ground rail width = 0.525 um
**WARN: (IMPSP-5134):	Setting cellInterval to 29.680 (microns) as a multiple of cell NWSX'sType 'man IMPSP-5134' for more detail.
For 8 new insts, *** Applied 2 GNC rules (cpu = 0:00:00.0)
Inserted 8 well-taps <NWSX> cells (prefix XTAP).
<CMD> setPlaceMode -fp false
<CMD> placeDesign -prePlaceOpt
*** Starting placeDesign default flow ***
*** Start deleteBufferTree ***
Info: Detect buffers to remove automatically.
Analyzing netlist ...
Updating netlist

*summary: 0 instances (buffers/inverters) removed
*** Finish deleteBufferTree (0:00:00.0) ***
**INFO: Enable pre-place timing setting for timing analysis
Set Using Default Delay Limit as 101.
**WARN: (IMPDC-1629):	The default delay limit was set to 101. This is less than the default of 1000 and may result in inaccurate delay calculation for nets with a fanout higher than the setting.  If needed, the default delay limit may be adjusted by running the command 'set delaycal_use_default_delay_limit'.
Set Default Net Delay as 0 ps.
Set Default Net Load as 0 pF. 
**INFO: Analyzing IO path groups for slack adjustment
Effort level <high> specified for reg2reg_tmp.16639 path_group
#################################################################################
# Design Stage: PreRoute
# Design Name: contador
# Design Mode: 90nm
# Analysis Mode: MMMC Non-OCV 
# Parasitics Mode: No SPEF/RCDB
# Signoff Settings: SI Off 
#################################################################################
Calculate delays in Single mode...
AAE DB initialization (MEM=740.793 CPU=0:00:00.1 REAL=0:00:01.0) 
siFlow : Timing analysis mode is single, using late cdB files
Total number of fetched objects 16
End delay calculation. (MEM=876.328 CPU=0:00:00.0 REAL=0:00:00.0)
**INFO: Disable pre-place timing setting for timing analysis
Set Using Default Delay Limit as 1000.
Set Default Net Delay as 1000 ps.
Set Default Net Load as 0.5 pF. 
**INFO: Pre-place timing setting for timing analysis already disabled
Deleted 0 physical inst  (cell - / prefix -).
Did not delete 8 physical insts as they were marked preplaced.
*** Starting "NanoPlace(TM) placement v#3 (mem=862.2M)" ...
total jobs 1369
multi thread init TemplateIndex for each ta. thread num 1
Wait...
*** Build Buffered Sizing Timing Model
(cpu=0:00:00.7 mem=862.2M) ***
*** Build Virtual Sizing Timing Model
(cpu=0:00:00.8 mem=862.2M) ***
No user setting net weight.
Options: timingDriven clkGateAware ignoreScan pinGuide congEffort=auto gpeffort=medium 
Scan chains were not defined.
#std cell=18 (8 fixed + 10 movable) #block=0 (0 floating + 0 preplaced)
#ioInst=0 #net=14 #term=44 #term/net=3.14, #fixedIo=0, #floatIo=0, #fixedPin=0, #floatPin=6
stdCell: 18 single + 0 double + 0 multi
Total standard cell length = 0.0711 (mm), area = 0.0005 (mm^2)
Average module density = 0.831.
Density for the design = 0.831.
       = stdcell_area 103 sites (388 um^2) / alloc_area 124 sites (467 um^2).
Pin Density = 0.2973.
            = total # of pins 44 / total area 148.
=== lastAutoLevel = 3 
=== macro end level: 6 ===
Clock gating cells determined by native netlist tracing.
Iteration  1: Total net bbox = 1.946e+02 (1.87e+02 7.43e+00)
              Est.  stn bbox = 2.029e+02 (1.95e+02 7.72e+00)
              cpu = 0:00:00.0 real = 0:00:00.0 mem = 844.2M
Iteration  2: Total net bbox = 1.946e+02 (1.87e+02 7.43e+00)
              Est.  stn bbox = 2.029e+02 (1.95e+02 7.72e+00)
              cpu = 0:00:00.0 real = 0:00:00.0 mem = 844.2M
Iteration  3: Total net bbox = 1.805e+02 (1.73e+02 7.14e+00)
              Est.  stn bbox = 1.893e+02 (1.82e+02 7.43e+00)
              cpu = 0:00:00.0 real = 0:00:00.0 mem = 844.2M
Active setup views:
    _default_view_
Iteration  4: Total net bbox = 2.376e+02 (2.31e+02 6.87e+00)
              Est.  stn bbox = 2.491e+02 (2.42e+02 7.15e+00)
              cpu = 0:00:00.0 real = 0:00:00.0 mem = 844.2M
Iteration  5: Total net bbox = 3.020e+02 (2.50e+02 5.23e+01)
              Est.  stn bbox = 3.163e+02 (2.62e+02 5.43e+01)
              cpu = 0:00:00.0 real = 0:00:00.0 mem = 844.2M
Iteration  6: Total net bbox = 3.180e+02 (2.61e+02 5.68e+01)
              Est.  stn bbox = 3.324e+02 (2.73e+02 5.90e+01)
              cpu = 0:00:00.0 real = 0:00:01.0 mem = 844.2M
*** cost = 3.180e+02 (2.61e+02 5.68e+01) (cpu for global=0:00:00.0) real=0:00:01.0***
Info: 0 clock gating cells identified, 0 (on average) moved
contador
Solver runtime cpu: 0:00:00.0 real: 0:00:00.0
Core Placement runtime cpu: 0:00:00.0 real: 0:00:01.0
*** Starting refinePlace (0:00:48.3 mem=815.7M) ***
Total net bbox length = 3.180e+02 (2.612e+02 5.676e+01) (ext = 9.090e+01)
Density distribution unevenness ratio = 0.000%
Move report: Detail placement moves 10 insts, mean move: 11.21 um, max move: 29.93 um
	Max move on inst (EA_reg[0]): (34.41, 6.16) --> (11.20, 12.88)
	Runtime: CPU: 0:00:00.0 REAL: 0:00:00.0 MEM: 815.7MB
Summary Report:
Instances move: 10 (out of 10 movable)
Instances flipped: 0
Mean displacement: 11.21 um
Max displacement: 29.93 um (Instance: EA_reg[0]) (34.408, 6.16) -> (11.2, 12.88)
	Length: 17 sites, height: 1 rows, site name: CORE, cell type: DFFR_E
	Violation at original loc: Placement Blockage Violation
Total net bbox length = 3.287e+02 (2.783e+02 5.040e+01) (ext = 8.568e+01)
Runtime: CPU: 0:00:00.0 REAL: 0:00:00.0 MEM: 815.7MB
*** Finished refinePlace (0:00:48.3 mem=815.7M) ***
*** End of Placement (cpu=0:00:01.0, real=0:00:02.0, mem=815.7M) ***
default core: bins with density >  0.75 =    0 % ( 0 / 1 )
Density distribution unevenness ratio = 0.000%
*** Free Virtual Timing Model ...(mem=815.7M)
Starting congestion repair ...
[NR-eGR] honorMsvRouteConstraint: false
[NR-eGR] honorClockSpecNDR      : 0
[NR-eGR] minRouteLayer          : 2
[NR-eGR] maxRouteLayer          : 127
[NR-eGR] numTracksPerClockWire  : 0
[NR-eGR] Layer1 has no routable track
[NR-eGR] Layer2 has single uniform track structure
[NR-eGR] Layer3 has single uniform track structure
[NR-eGR] Layer4 has single uniform track structure
[NR-eGR] Layer5 has single uniform track structure
[NR-eGR] Layer6 has single uniform track structure
[NR-eGR] numRoutingBlks=0 numInstBlks=0 numPGBlocks=20 numBumpBlks=0 numBoundaryFakeBlks=0
[NR-eGR] numPreroutedNet = 0  numPreroutedWires = 0
[NR-eGR] Read numTotalNets=14  numIgnoredNets=0
[NR-eGR] There are 1 clock nets ( 0 with NDR ).
[NR-eGR] ============ Routing rule table ============
[NR-eGR] Rule id 0. Nets 14 
[NR-eGR] id=0  ndrTrackId=0  ndrViaId=-1  extraSpace=0  numShields=0  maxHorDemand=1  maxVerDemand=1
[NR-eGR] Pitch:  L1=440  L2=560  L3=560  L4=560  L5=560  L6=5040
[NR-eGR] ========================================
[NR-eGR] 
[NR-eGR] Layer group 1: route 14 net(s) in layer range [2, 6]
[NR-eGR] earlyGlobalRoute overflow of layer group 1: 0.00% H + 0.00% V. EstWL: 3.561600e+02um
[NR-eGR] 
[NR-eGR] Overflow after earlyGlobalRoute (GR compatible) 0.00% H + 0.00% V
[NR-eGR] Overflow after earlyGlobalRoute 0.00% H + 0.00% V
Local HotSpot Analysis: normalized max congestion hotspot area = 0.00, normalized total congestion hotspot area = 0.00 (area is in unit of 4 std-cell row bins)
Skipped repairing congestion.
[NR-eGR] Layer1(M1)(F) length: 0.000000e+00um, number of vias: 38
[NR-eGR] Layer2(M2)(V) length: 7.784000e+01um, number of vias: 51
[NR-eGR] Layer3(M3)(H) length: 2.783200e+02um, number of vias: 6
[NR-eGR] Layer4(M4)(V) length: 2.240000e+00um, number of vias: 0
[NR-eGR] Layer5(MT)(H) length: 0.000000e+00um, number of vias: 0
[NR-eGR] Layer6(ML)(V) length: 0.000000e+00um, number of vias: 0
[NR-eGR] Total length: 3.584000e+02um, number of vias: 95
End of congRepair (cpu=0:00:00.0, real=0:00:00.0)
*** Finishing placeDesign default flow ***
**placeDesign ... cpu = 0: 0: 1, real = 0: 0: 3, mem = 823.7M **

*** Summary of all messages that are not suppressed in this session:
Severity  ID               Count  Summary                                  
WARNING   IMPDC-1629           1  The default delay limit was set to %d. T...
*** Message Summary: 1 warning(s), 0 error(s)

<CMD> setDrawView place
<CMD> trialRoute -maxRouteLayer 6
*** Starting trialRoute (mem=823.7M) ***

There are 0 guide points passed to trialRoute for fixed pins.
There are 0 guide points passed to trialRoute for pinGroup/netGroup/pinGuide pins.
Options:  -maxRouteLayer 6 -noPinGuide


Phase 1a-1d Overflow: 0.00% H + 0.00% V (0:00:00.0 824.7M)

Overflow: 0.00% H + 0.00% V (0:00:00.0 824.7M)

Phase 1l Overflow: 0.00% H + 0.00% V (0:00:00.0 832.7M)


Congestion distribution:

Remain	cntH		cntV
--------------------------------------
--------------------------------------
  5:	60	100.00%	60	100.00%


Total length: 3.606e+02um, number of vias: 71
M1(H) length: 0.000e+00um, number of vias: 38
M2(V) length: 9.072e+01um, number of vias: 33
M3(H) length: 2.699e+02um, number of vias: 0
M4(V) length: 0.000e+00um, number of vias: 0
M5(H) length: 0.000e+00um, number of vias: 0
M6(V) length: 0.000e+00um

Peak Memory Usage was 832.7M 
*** Finished trialRoute (cpu=0:00:00.0 mem=832.7M) ***

<CMD> setNanoRouteMode -quiet -drouteStartIteration default
**WARN: (IMPTCM-77):	Option "-drouteStartIteration" for command setNanoRouteMode is obsolete and will be removed in a future release. The obsolete option still works in this release but to avoid this warning and to ensure compatibility with future releases, remove the obsolete option from your script.
<CMD> setNanoRouteMode -quiet -routeTopRoutingLayer default
<CMD> setNanoRouteMode -quiet -routeBottomRoutingLayer default
<CMD> setNanoRouteMode -quiet -drouteEndIteration default
<CMD> setNanoRouteMode -quiet -routeWithTimingDriven false
<CMD> setNanoRouteMode -quiet -routeWithSiDriven false
<CMD> routeDesign -globalDetail
#routeDesign: cpu time = 00:00:00, elapsed time = 00:00:00, memory = 606.29 (MB), peak = 626.03 (MB)
#WARNING (NRIG-96) Selected single pass global detail route "-globalDetail". Clock eco and post optimizations will not be run. See "man NRIG-96" for more details.
#**INFO: setDesignMode -flowEffort standard
#**INFO: mulit-cut via swapping is disabled by user.
#**INFO: All auto set options tuned by routeDesign will be restored to their original settings on command completion.
#**INFO: auto set of routeReserveSpaceForMultiCut to true
#**INFO: auto set of routeConcurrentMinimizeViaCountEffort to high
Begin checking placement ... (start mem=832.7M, init mem=832.7M)
*info: Placed = 18             (Fixed = 8)
*info: Unplaced = 0           
Placement Density:83.06%(388/467)
Placement Density (including fixed std cells):85.81%(478/557)
Finished checkPlace (cpu: total=0:00:00.0, vio checks=0:00:00.0; mem=832.7M)
#**INFO: honoring user setting for routeWithTimingDriven set to false
#**INFO: honoring user setting for routeWithSiDriven set to false

changeUseClockNetStatus Option :  -noFixedNetWires 
*** Changed status on (0) nets in Clock.
*** End changeUseClockNetStatus (cpu=0:00:00.0, real=0:00:00.0, mem=832.7M) ***

globalDetailRoute

#setNanoRouteMode -routeConcurrentMinimizeViaCountEffort "high"
#setNanoRouteMode -routeReserveSpaceForMultiCut true
#setNanoRouteMode -routeWithSiDriven false
#setNanoRouteMode -routeWithTimingDriven false
#Start globalDetailRoute on Tue Mar  1 13:14:39 2022
#
#WARNING (NRDB-729) PIN A in CELL_VIEW CLKI_I does not have antenna gate area.
#WARNING (NRDB-729) PIN A in CELL_VIEW CLKI_I does not have antenna gate area.
#WARNING (NRDB-729) PIN A in CELL_VIEW CLKI_I does not have antenna gate area.
#WARNING (NRDB-729) PIN A in CELL_VIEW CLKI_K does not have antenna gate area.
#WARNING (NRDB-729) PIN A in CELL_VIEW CLKI_K does not have antenna gate area.
#WARNING (NRDB-729) PIN A in CELL_VIEW CLKI_K does not have antenna gate area.
#WARNING (NRDB-729) PIN A in CELL_VIEW CLKI_M does not have antenna gate area.
#WARNING (NRDB-729) PIN A in CELL_VIEW CLKI_M does not have antenna gate area.
#WARNING (NRDB-729) PIN A in CELL_VIEW CLKI_M does not have antenna gate area.
#WARNING (NRDB-729) PIN A in CELL_VIEW CLKI_O does not have antenna gate area.
#WARNING (NRDB-729) PIN A in CELL_VIEW CLKI_O does not have antenna gate area.
#WARNING (NRDB-729) PIN A in CELL_VIEW CLKI_O does not have antenna gate area.
#WARNING (NRDB-729) PIN A in CELL_VIEW CLKI_Q does not have antenna gate area.
#WARNING (NRDB-729) PIN A in CELL_VIEW CLKI_Q does not have antenna gate area.
#WARNING (NRDB-729) PIN A in CELL_VIEW CLKI_Q does not have antenna gate area.
#WARNING (NRDB-729) PIN A in CELL_VIEW CLK_I does not have antenna gate area.
#WARNING (NRDB-729) PIN A in CELL_VIEW CLK_I does not have antenna gate area.
#WARNING (NRDB-729) PIN A in CELL_VIEW CLK_I does not have antenna gate area.
#WARNING (NRDB-729) PIN A in CELL_VIEW CLK_K does not have antenna gate area.
#WARNING (NRDB-729) PIN A in CELL_VIEW CLK_K does not have antenna gate area.
#WARNING (EMS-27) Message (NRDB-729) has exceeded the current message display limit of 20.
#To increase the message display limit, refer to the product command reference manual.
#NanoRoute Version 16.24-s058_1 NR170807-0819/16_24-UB
#Start routing data preparation.
#WARNING (NRDB-2077) The below via enclosure for LAYER M1 is not specified for width 0.240.
#WARNING (NRDB-2078) The above via enclosure for LAYER M2 is not specified for width 0.280.
#WARNING (NRDB-2077) The below via enclosure for LAYER M1 is not specified for width 0.240.
#WARNING (NRDB-2078) The above via enclosure for LAYER M2 is not specified for width 0.280.
#WARNING (NRDB-2077) The below via enclosure for LAYER M2 is not specified for width 0.280.
#WARNING (NRDB-2078) The above via enclosure for LAYER M3 is not specified for width 0.280.
#WARNING (NRDB-2077) The below via enclosure for LAYER M2 is not specified for width 0.280.
#WARNING (NRDB-2078) The above via enclosure for LAYER M3 is not specified for width 0.280.
#WARNING (NRDB-2077) The below via enclosure for LAYER M3 is not specified for width 0.280.
#WARNING (NRDB-2078) The above via enclosure for LAYER M4 is not specified for width 0.280.
#WARNING (NRDB-2077) The below via enclosure for LAYER M3 is not specified for width 0.280.
#WARNING (NRDB-2078) The above via enclosure for LAYER M4 is not specified for width 0.280.
#WARNING (NRDB-2077) The below via enclosure for LAYER M4 is not specified for width 0.280.
#WARNING (NRDB-2078) The above via enclosure for LAYER MT is not specified for width 0.280.
#WARNING (NRDB-2077) The below via enclosure for LAYER M4 is not specified for width 0.280.
#WARNING (NRDB-2078) The above via enclosure for LAYER MT is not specified for width 0.280.
#WARNING (NRDB-2077) The below via enclosure for LAYER MT is not specified for width 0.280.
#WARNING (NRDB-2078) The above via enclosure for LAYER ML is not specified for width 2.400.
#WARNING (NRDB-2077) The below via enclosure for LAYER MT is not specified for width 0.280.
#WARNING (NRDB-2078) The above via enclosure for LAYER ML is not specified for width 2.400.
#Minimum voltage of a net in the design = 0.000.
#Maximum voltage of a net in the design = 1.800.
#Voltage range [0.000 - 0.000] has 1 net.
#Voltage range [1.800 - 1.800] has 1 net.
#Voltage range [0.000 - 1.800] has 17 nets.
# M1           H   Track-Pitch = 0.560    Line-2-Via Pitch = 0.440
# M2           V   Track-Pitch = 0.560    Line-2-Via Pitch = 0.560
# M3           H   Track-Pitch = 0.560    Line-2-Via Pitch = 0.560
# M4           V   Track-Pitch = 0.560    Line-2-Via Pitch = 0.560
# MT           H   Track-Pitch = 0.560    Line-2-Via Pitch = 0.560
# ML           V   Track-Pitch = 5.040    Line-2-Via Pitch = 4.820
#Regenerating Ggrids automatically.
#Auto generating G-grids with size=15 tracks, using layer M3's pitch = 0.560.
#Using automatically generated G-grids.
#Done routing data preparation.
#cpu time = 00:00:00, elapsed time = 00:00:00, memory = 613.73 (MB), peak = 645.34 (MB)
#Merging special wires...
#Number of eco nets is 0
#
#Start data preparation...
#
#Data preparation is done on Tue Mar  1 13:14:39 2022
#
#Analyzing routing resource...
#Routing resource analysis is done on Tue Mar  1 13:14:39 2022
#
#  Resource Analysis:
#
#               Routing  #Avail      #Track     #Total     %Gcell
#  Layer      Direction   Track     Blocked      Gcell    Blocked
#  --------------------------------------------------------------
#  Metal 1        H          46           0          18    11.11%
#  Metal 2        V          96           0          18     0.00%
#  Metal 3        H          46           0          18     0.00%
#  Metal 4        V          96           0          18     0.00%
#  Metal 5        H          46           0          18     0.00%
#  Metal 6        V          10           0          18     0.00%
#  --------------------------------------------------------------
#  Total                    340       0.00%         108     1.85%
#
#
#
#cpu time = 00:00:00, elapsed time = 00:00:00, memory = 614.18 (MB), peak = 645.34 (MB)
#
#start global routing iteration 1...
#cpu time = 00:00:00, elapsed time = 00:00:00, memory = 614.52 (MB), peak = 645.34 (MB)
#
#start global routing iteration 2...
#cpu time = 00:00:00, elapsed time = 00:00:00, memory = 614.77 (MB), peak = 645.34 (MB)
#
#
#Total number of trivial nets (e.g. < 2 pins) = 5 (skipped).
#Total number of routable nets = 14.
#Total number of nets in the design = 19.
#
#14 routable nets have only global wires.
#
#Routed nets constraints summary:
#-----------------------------
#        Rules   Unconstrained  
#-----------------------------
#      Default              14  
#-----------------------------
#        Total              14  
#-----------------------------
#
#Routing constraints summary of the whole design:
#-----------------------------
#        Rules   Unconstrained  
#-----------------------------
#      Default              14  
#-----------------------------
#        Total              14  
#-----------------------------
#
#
#  Congestion Analysis: (blocked Gcells are excluded)
#
#                 OverCon          
#                  #Gcell    %Gcell
#     Layer           (1)   OverCon
#  --------------------------------
#   Metal 1      0(0.00%)   (0.00%)
#   Metal 2      0(0.00%)   (0.00%)
#   Metal 3      0(0.00%)   (0.00%)
#   Metal 4      0(0.00%)   (0.00%)
#   Metal 5      0(0.00%)   (0.00%)
#   Metal 6      0(0.00%)   (0.00%)
#  --------------------------------
#     Total      0(0.00%)   (0.00%)
#
#  The worst congested Gcell overcon (routing demand over resource in number of tracks) = 1
#  Overflow after GR: 0.00% H + 0.00% V
#
Local HotSpot Analysis: normalized max congestion hotspot area = 0.00, normalized total congestion hotspot area = 0.00 (area is in unit of 4 std-cell row bins)
#Complete Global Routing.
#Total wire length = 273 um.
#Total half perimeter of net bounding box = 370 um.
#Total wire length on LAYER M1 = 0 um.
#Total wire length on LAYER M2 = 52 um.
#Total wire length on LAYER M3 = 222 um.
#Total wire length on LAYER M4 = 0 um.
#Total wire length on LAYER MT = 0 um.
#Total wire length on LAYER ML = 0 um.
#Total number of vias = 62
#Up-Via Summary (total 62):
#           
#-----------------------
#  Metal 1           36
#  Metal 2           26
#-----------------------
#                    62 
#
#Max overcon = 0 track.
#Total overcon = 0.00%.
#Worst layer Gcell overcon rate = 0.00%.
#cpu time = 00:00:00, elapsed time = 00:00:00, memory = 615.32 (MB), peak = 645.34 (MB)
#
#cpu time = 00:00:00, elapsed time = 00:00:00, memory = 614.93 (MB), peak = 645.34 (MB)
#Start Track Assignment.
#Done with 19 horizontal wires in 1 hboxes and 6 vertical wires in 1 hboxes.
#Done with 3 horizontal wires in 1 hboxes and 0 vertical wires in 1 hboxes.
#Done with 1 horizontal wires in 1 hboxes and 1 vertical wires in 1 hboxes.
#
#Track assignment summary:
# layer   (wire length)   (overlap)     (long ovlp)	(with obs/pg/clk)  
#------------------------------------------------------------------------
# M1             0.00 	  0.00%  	  0.00% 	  0.00%
# M2            50.98 	  0.00%  	  0.00% 	  0.00%
# M3           225.13 	  0.00%  	  0.00% 	  0.00%
# M4             0.00 	  0.00%  	  0.00% 	  0.00%
# MT             0.00 	  0.00%  	  0.00% 	  0.00%
# ML             0.00 	  0.00%  	  0.00% 	  0.00%
#------------------------------------------------------------------------
# All         276.11  	  0.00% 	  0.00% 	  0.00%
#Complete Track Assignment.
#Total wire length = 313 um.
#Total half perimeter of net bounding box = 370 um.
#Total wire length on LAYER M1 = 21 um.
#Total wire length on LAYER M2 = 49 um.
#Total wire length on LAYER M3 = 242 um.
#Total wire length on LAYER M4 = 0 um.
#Total wire length on LAYER MT = 0 um.
#Total wire length on LAYER ML = 0 um.
#Total number of vias = 62
#Up-Via Summary (total 62):
#           
#-----------------------
#  Metal 1           36
#  Metal 2           26
#-----------------------
#                    62 
#
#cpu time = 00:00:00, elapsed time = 00:00:00, memory = 615.50 (MB), peak = 645.34 (MB)
#
#Cpu time = 00:00:00
#Elapsed time = 00:00:00
#Increased memory = 6.11 (MB)
#Total memory = 615.72 (MB)
#Peak memory = 645.34 (MB)
#
#Start Detail Routing..
#start initial detail routing ...
#   number of violations = 0
#cpu time = 00:00:00, elapsed time = 00:00:00, memory = 625.25 (MB), peak = 645.34 (MB)
#start 1st optimization iteration ...
#   number of violations = 0
#cpu time = 00:00:00, elapsed time = 00:00:00, memory = 625.32 (MB), peak = 645.34 (MB)
#Complete Detail Routing.
#Total wire length = 345 um.
#Total half perimeter of net bounding box = 370 um.
#Total wire length on LAYER M1 = 96 um.
#Total wire length on LAYER M2 = 62 um.
#Total wire length on LAYER M3 = 188 um.
#Total wire length on LAYER M4 = 0 um.
#Total wire length on LAYER MT = 0 um.
#Total wire length on LAYER ML = 0 um.
#Total number of vias = 57
#Up-Via Summary (total 57):
#           
#-----------------------
#  Metal 1           35
#  Metal 2           22
#-----------------------
#                    57 
#
#Total number of DRC violations = 0
#Cpu time = 00:00:00
#Elapsed time = 00:00:00
#Increased memory = 3.15 (MB)
#Total memory = 618.88 (MB)
#Peak memory = 645.34 (MB)
#
#start routing for process antenna violation fix ...
#cpu time = 00:00:00, elapsed time = 00:00:00, memory = 620.20 (MB), peak = 645.34 (MB)
#
#Total wire length = 345 um.
#Total half perimeter of net bounding box = 370 um.
#Total wire length on LAYER M1 = 96 um.
#Total wire length on LAYER M2 = 62 um.
#Total wire length on LAYER M3 = 188 um.
#Total wire length on LAYER M4 = 0 um.
#Total wire length on LAYER MT = 0 um.
#Total wire length on LAYER ML = 0 um.
#Total number of vias = 57
#Up-Via Summary (total 57):
#           
#-----------------------
#  Metal 1           35
#  Metal 2           22
#-----------------------
#                    57 
#
#Total number of DRC violations = 0
#Total number of net violated process antenna rule = 0
#
#
#Total wire length = 345 um.
#Total half perimeter of net bounding box = 370 um.
#Total wire length on LAYER M1 = 96 um.
#Total wire length on LAYER M2 = 62 um.
#Total wire length on LAYER M3 = 188 um.
#Total wire length on LAYER M4 = 0 um.
#Total wire length on LAYER MT = 0 um.
#Total wire length on LAYER ML = 0 um.
#Total number of vias = 57
#Up-Via Summary (total 57):
#           
#-----------------------
#  Metal 1           35
#  Metal 2           22
#-----------------------
#                    57 
#
#Total number of DRC violations = 0
#Total number of net violated process antenna rule = 0
#
#
#Start Post Route wire spreading..
#
#Start data preparation for wire spreading...
#
#Data preparation is done on Tue Mar  1 13:14:40 2022
#
#
#Start Post Route Wire Spread.
#Done with 7 horizontal wires in 1 hboxes and 0 vertical wires in 1 hboxes.
#Complete Post Route Wire Spread.
#
#Total wire length = 352 um.
#Total half perimeter of net bounding box = 370 um.
#Total wire length on LAYER M1 = 96 um.
#Total wire length on LAYER M2 = 62 um.
#Total wire length on LAYER M3 = 195 um.
#Total wire length on LAYER M4 = 0 um.
#Total wire length on LAYER MT = 0 um.
#Total wire length on LAYER ML = 0 um.
#Total number of vias = 57
#Up-Via Summary (total 57):
#           
#-----------------------
#  Metal 1           35
#  Metal 2           22
#-----------------------
#                    57 
#
#
#Start DRC checking..
#   number of violations = 0
#cpu time = 00:00:00, elapsed time = 00:00:00, memory = 621.88 (MB), peak = 645.34 (MB)
#CELL_VIEW contador,init has no DRC violation.
#Total number of DRC violations = 0
#Total number of net violated process antenna rule = 0
#   number of violations = 0
#cpu time = 00:00:00, elapsed time = 00:00:00, memory = 620.41 (MB), peak = 645.34 (MB)
#CELL_VIEW contador,init has no DRC violation.
#Total number of DRC violations = 0
#Total number of net violated process antenna rule = 0
#Post Route wire spread is done.
#Total wire length = 352 um.
#Total half perimeter of net bounding box = 370 um.
#Total wire length on LAYER M1 = 96 um.
#Total wire length on LAYER M2 = 62 um.
#Total wire length on LAYER M3 = 195 um.
#Total wire length on LAYER M4 = 0 um.
#Total wire length on LAYER MT = 0 um.
#Total wire length on LAYER ML = 0 um.
#Total number of vias = 57
#Up-Via Summary (total 57):
#           
#-----------------------
#  Metal 1           35
#  Metal 2           22
#-----------------------
#                    57 
#
#detailRoute Statistics:
#Cpu time = 00:00:00
#Elapsed time = 00:00:00
#Increased memory = 3.33 (MB)
#Total memory = 619.06 (MB)
#Peak memory = 645.34 (MB)
#
#globalDetailRoute statistics:
#Cpu time = 00:00:01
#Elapsed time = 00:00:00
#Increased memory = 23.51 (MB)
#Total memory = 629.95 (MB)
#Peak memory = 645.34 (MB)
#Number of warnings = 41
#Total number of warnings = 43
#Number of fails = 0
#Total number of fails = 0
#Complete globalDetailRoute on Tue Mar  1 13:14:40 2022
#
#routeDesign: cpu time = 00:00:01, elapsed time = 00:00:01, memory = 629.97 (MB), peak = 645.34 (MB)
*** Message Summary: 0 warning(s), 0 error(s)

<CMD> getFillerMode -quiet
<CMD> addFiller -cell NWSX -prefix XTAP
**WARN: (IMPSP-5217):	addFiller command is running on a postRoute database. It is recommended to be followed by ecoRoute command to make the DRC clean.
Type 'man IMPSP-5217' for more detail.
*INFO: Adding fillers to top-module.
*INFO:   Added 5 filler insts (cell NWSX / prefix XTAP).
*INFO: Total 5 filler insts added - prefix XTAP (CPU: 0:00:00.0).
For 5 new insts, *** Applied 2 GNC rules (cpu = 0:00:00.0)
*INFO: Filler mode add_fillers_with_drc is default true to avoid gaps, which may add fillers with violations. Please check the violations for FILLER_incr* fillers and fix them before routeDesign. Set it to false can avoid the violation but may leave gaps.
*INFO: Second pass addFiller without DRC checking.
*INFO: Adding fillers to top-module.
*INFO:   Added 0 filler inst of any cell-type.
<CMD> addFiller -cell FILL2 -prefix FILLER
**WARN: (IMPSP-5217):	addFiller command is running on a postRoute database. It is recommended to be followed by ecoRoute command to make the DRC clean.
Type 'man IMPSP-5217' for more detail.
*INFO: Adding fillers to top-module.
*INFO:   Added 2 filler insts (cell FILL2 / prefix FILLER).
*INFO: Total 2 filler insts added - prefix FILLER (CPU: 0:00:00.0).
For 2 new insts, *** Applied 2 GNC rules (cpu = 0:00:00.0)
*INFO: Filler mode add_fillers_with_drc is default true to avoid gaps, which may add fillers with violations. Please check the violations for FILLER_incr* fillers and fix them before routeDesign. Set it to false can avoid the violation but may leave gaps.
*INFO: Second pass addFiller without DRC checking.
*INFO: Adding fillers to top-module.
*INFO:   Added 0 filler inst of any cell-type.
<CMD> addFiller -cell FILL1 -prefix FILLER
**WARN: (IMPSP-5217):	addFiller command is running on a postRoute database. It is recommended to be followed by ecoRoute command to make the DRC clean.
Type 'man IMPSP-5217' for more detail.
*INFO: Adding fillers to top-module.
*INFO:   Added 2 filler insts (cell FILL1 / prefix FILLER).
*INFO: Total 2 filler insts added - prefix FILLER (CPU: 0:00:00.0).
For 2 new insts, *** Applied 2 GNC rules (cpu = 0:00:00.0)
<CMD> summaryReport -outdir summaryReport
Creating directory summaryReport.
Start to collect the design information.
Build netlist information for Cell contador.
Finished collecting the design information.
Generating standard cells used in the design report.
Analyze library ... 
** NOTE: Created directory path 'contador_via_layer_FT.htmsummaryReport' for file 'contador_via_layer_FT.htmsummaryReport/contador_via_layer_V4.htm'.
** NOTE: Created directory path 'contador_via_layer_V4.htmsummaryReport' for file 'contador_via_layer_V4.htmsummaryReport/contador_via_layer_V3.htm'.
** NOTE: Created directory path 'contador_via_layer_V3.htmsummaryReport' for file 'contador_via_layer_V3.htmsummaryReport/contador_via_layer_V2.htm'.
** NOTE: Created directory path 'contador_via_layer_V2.htmsummaryReport' for file 'contador_via_layer_V2.htmsummaryReport/contador_via_layer_V1.htm'.
** NOTE: Created directory path 'contador_via_layer_V1.htmsummaryReport' for file 'contador_via_layer_V1.htmsummaryReport/contador_via_layer_CA.htm'.
Analyze netlist ... 
Generate no-driven nets information report.
Analyze timing ... 
Analyze floorplan/placement ... 
Analysis Routing ...
Report saved in file summaryReport/contador.main.htm.ascii.
<CMD> saveNetlist contador.v
Writing Netlist "contador.v" ...
<CMD> extractRC -outfile contador.cap
Extraction called for design 'contador' of instances=27 and nets=19 using extraction engine 'preRoute' .
**WARN: (IMPEXT-3530):	The process node is not set. Use the command setDesignMode -process <process node> prior to extraction for maximum accuracy and optimal automatic threshold setting.
Type 'man IMPEXT-3530' for more detail.
PreRoute RC Extraction called for design contador.
RC Extraction called in multi-corner(1) mode.
**WARN: (IMPEXT-6197):	The Cap table file is not specified. This will result in lower parasitic accuracy when using preRoute extraction or postRoute extraction with effort level 'low'. It is recommended to generate the Cap table file using the 'generateCapTbl' command and specify it before extraction using 'create_rc_corner/update_rc_corner -cap_table'.
Type 'man IMPEXT-6197' for more detail.
RCMode: PreRoute
      RC Corner Indexes            0   
Capacitance Scaling Factor   : 1.00000 
Resistance Scaling Factor    : 1.00000 
Clock Cap. Scaling Factor    : 1.00000 
Clock Res. Scaling Factor    : 1.00000 
Shrink Factor                : 1.00000
PreRoute extraction is honoring NDR/Shielding/ExtraSpace for clock nets.
Updating RC grid for preRoute extraction ...
Initializing multi-corner resistance tables ...
PreRoute RC Extraction DONE (CPU Time: 0:00:00.0  Real Time: 0:00:00.0  MEM: 849.613M)
<CMD> setAnalysisMode -analysisType onChipVariation
<CMD> clearClockDomains
**WARN: (IMPSYC-6123):	The clearClockDomains command is obsolete - support for this command will 
 be discontinued in a future release of the software. You should update your scripts to be 
 compatible with the path group based flow - refer to the reset_path_group command. 
 In this release, the clearClockDomains command will be translated to the equivalent commands 
 for the path group flow.
<CMD> setClockDomains -all
**WARN: (IMPSYC-6122):	The setClockDomains command is obsolete - support for this command will 
 be discontinued in a future release of the software. You should update your scripts to be 
 compatible with the path group based flow - refer to the SDC group_path and the EDI 
 createBasicPathGroups commands.  In this release, the setClockDomains command will 
 be translated to the equivalent commands for the path group flow to allow 
 optDesign to proceed with Setup fixing as in clockDomain mode. For Hold fixing, to focus 
 just on one path_group, you have to give the list of all the other remaining 
 path_groups to setOptMode -ignorePathGroupsForHold option.
setClockDomains -all 
**WARN: (IMPSYC-1873):	The setClockDomains -all option is unsupported in the CTE mode. 
<CMD> timeDesign -postRoute -pathReports -drvReports -slackReports -numPaths 50 -prefix contador_postRoute -outDir timingReports
Switching SI Aware to true by default in postroute mode   
Setting timing_disable_library_data_to_data_checks to 'true'.
Setting timing_disable_user_data_to_data_checks to 'true'.
**WARN: (IMPEXT-3493):	The design extraction status has been reset by set_analysis_view/update_rc_corner or setExtractRCMode  command. The parasitic data can be regenerated either by extracting the design using the extractRC command or by loading the SPEF or RCDB file(s). To prevent resetting of the extraction status, avoid changing extraction modes.
Type 'man IMPEXT-3493' for more detail.
 Reset EOS DB
Ignoring AAE DB Resetting ...
Extraction called for design 'contador' of instances=27 and nets=19 using extraction engine 'postRoute' at effort level 'low' .
**WARN: (IMPEXT-3530):	The process node is not set. Use the command setDesignMode -process <process node> prior to extraction for maximum accuracy and optimal automatic threshold setting.
Type 'man IMPEXT-3530' for more detail.
PostRoute (effortLevel low) RC Extraction called for design contador.
RC Extraction called in multi-corner(1) mode.
**WARN: (IMPEXT-6197):	The Cap table file is not specified. This will result in lower parasitic accuracy when using preRoute extraction or postRoute extraction with effort level 'low'. It is recommended to generate the Cap table file using the 'generateCapTbl' command and specify it before extraction using 'create_rc_corner/update_rc_corner -cap_table'.
Type 'man IMPEXT-6197' for more detail.
**WARN: (IMPEXT-3032):	Because the cap table file was not provided, it will be created internally with the following process info:
* Layer Id             : 1 - M1
      Thickness        : 0.6
      Min Width        : 0.24
      Layer Dielectric : 4.1
* Layer Id             : 2 - M2
      Thickness        : 0.6
      Min Width        : 0.28
      Layer Dielectric : 4.1
* Layer Id             : 3 - M3
      Thickness        : 0.6
      Min Width        : 0.28
      Layer Dielectric : 4.1
* Layer Id             : 4 - M4
      Thickness        : 0.6
      Min Width        : 0.28
      Layer Dielectric : 4.1
* Layer Id             : 5 - M5
      Thickness        : 0.6
      Min Width        : 0.28
      Layer Dielectric : 4.1
* Layer Id             : 6 - M6
      Thickness        : 1
      Min Width        : 2.4
      Layer Dielectric : 4.1
extractDetailRC Option : -outfile /tmp/innovus_temp_16639_energia07_andre.wr_zg5hhL/contador_16639_tN4uQ7.rcdb.d  -basic
RC Mode: PostRoute -effortLevel low [Basic CapTable, LEF Resistances]
      RC Corner Indexes            0   
Capacitance Scaling Factor   : 1.00000 
Coupling Cap. Scaling Factor : 1.00000 
Resistance Scaling Factor    : 1.00000 
Clock Cap. Scaling Factor    : 1.00000 
Clock Res. Scaling Factor    : 1.00000 
Shrink Factor                : 1.00000
Initializing multi-corner resistance tables ...
Checking LVS Completed (CPU Time= 0:00:00.0  MEM= 849.6M)
Extracted 11.215% (CPU Time= 0:00:00.0  MEM= 885.6M)
Extracted 21.4953% (CPU Time= 0:00:00.0  MEM= 885.6M)
Extracted 31.7757% (CPU Time= 0:00:00.0  MEM= 909.6M)
Extracted 41.1215% (CPU Time= 0:00:00.0  MEM= 909.6M)
Extracted 51.4019% (CPU Time= 0:00:00.0  MEM= 909.6M)
**WARN: (IMPEXT-2882):	Unable to find the resistance for via 'via1pr' in Cap table or LEF or OA files. The default value of 4.0 ohms is being assigned. To avoid this, check the Cap table and LEF and OA files, provide the resistance and read the files again.
Extracted 61.6822% (CPU Time= 0:00:00.0  MEM= 909.6M)
Extracted 71.028% (CPU Time= 0:00:00.0  MEM= 909.6M)
**WARN: (IMPEXT-2882):	Unable to find the resistance for via 'via2pr' in Cap table or LEF or OA files. The default value of 4.0 ohms is being assigned. To avoid this, check the Cap table and LEF and OA files, provide the resistance and read the files again.
Extracted 81.3084% (CPU Time= 0:00:00.0  MEM= 909.6M)
Extracted 91.5888% (CPU Time= 0:00:00.0  MEM= 909.6M)
Extracted 100% (CPU Time= 0:00:00.0  MEM= 909.6M)
Number of Extracted Resistors     : 176
Number of Extracted Ground Cap.   : 178
Number of Extracted Coupling Cap. : 232
Filtering XCap in 'relativeOnly' mode using values relative_c_threshold=0.03 and total_c_threshold=5fF.
Checking LVS Completed (CPU Time= 0:00:00.0  MEM= 894.6M)
PostRoute (effortLevel low) RC Extraction DONE (CPU Time: 0:00:00.0  Real Time: 0:00:00.0  MEM: 902.633M)
Starting SI iteration 1 using Infinite Timing Windows
#################################################################################
# Design Stage: PostRoute
# Design Name: contador
# Design Mode: 90nm
# Analysis Mode: MMMC OCV 
# Parasitics Mode: SPEF/RCDB
# Signoff Settings: SI On 
#################################################################################
AAE_INFO: 1 threads acquired from CTE.
Calculate early delays in OCV mode...
Calculate late delays in OCV mode...
Initializing multi-corner resistance tables ...
AAE_INFO: 1 threads acquired from CTE.
Total number of fetched objects 16
AAE_INFO-618: Total number of nets in the design is 19,  68.4 percent of the nets selected for SI analysis
End delay calculation. (MEM=985.551 CPU=0:00:00.0 REAL=0:00:00.0)
Loading CTE timing window with TwFlowType 0...(CPU = 0:00:00.0, REAL = 0:00:00.0, MEM = 985.6M)
Add other clocks and setupCteToAAEClockMapping during iter 1
Loading CTE timing window is completed (CPU = 0:00:00.0, REAL = 0:00:00.0, MEM = 985.6M)
Starting SI iteration 2
AAE_INFO: 1 threads acquired from CTE.
Calculate early delays in OCV mode...
Calculate late delays in OCV mode...
Glitch Analysis: View _default_view_ -- Total Number of Nets Skipped = 0. 
Glitch Analysis: View _default_view_ -- Total Number of Nets Analyzed = 16. 
Total number of fetched objects 16
AAE_INFO-618: Total number of nets in the design is 19,  0.0 percent of the nets selected for SI analysis
End delay calculation. (MEM=961.594 CPU=0:00:00.0 REAL=0:00:00.0)

------------------------------------------------------------
          timeDesign Summary                             
------------------------------------------------------------

Setup views included:
 _default_view_ 

+--------------------+---------+---------+---------+
|     Setup mode     |   all   | reg2reg | default |
+--------------------+---------+---------+---------+
|           WNS (ns):| 19.285  | 19.285  | 19.472  |
|           TNS (ns):|  0.000  |  0.000  |  0.000  |
|    Violating Paths:|    0    |    0    |    0    |
|          All Paths:|    8    |    4    |    4    |
+--------------------+---------+---------+---------+

+----------------+-------------------------------+------------------+
|                |              Real             |       Total      |
|    DRVs        +------------------+------------+------------------|
|                |  Nr nets(terms)  | Worst Vio  |  Nr nets(terms)  |
+----------------+------------------+------------+------------------+
|   max_cap      |      0 (0)       |   0.000    |      0 (0)       |
|   max_tran     |      0 (0)       |   0.000    |      0 (0)       |
|   max_fanout   |      0 (0)       |     0      |      0 (0)       |
|   max_length   |      0 (0)       |     0      |      0 (0)       |
+----------------+------------------+------------+------------------+

Density: 83.065%
       (100.000% with Fillers)
Total number of glitch violations: 0
------------------------------------------------------------
Reported timing to dir timingReports
Total CPU time: 0.34 sec
Total Real time: 0.0 sec
Total Memory Usage: 881.8125 Mbytes
Reset AAE Options
<CMD> write_sdf -ideal_clock_network contador.sdf
**WARN: (SDF-808):	The software is currently operating in a high performance mode which optimizes the handling of multiple timing arcs between input and output pin pairs. With the current settings, the SDF file generated will contain the same delay information for all of these arcs. To have the SDF recalculated with explicit pin pair data, you should use the option '-recompute_parallel_arcs'. This setting is recommended for generating SDF for functional  simulation applications.
Starting SI iteration 1 using Infinite Timing Windows
#################################################################################
# Design Stage: PostRoute
# Design Name: contador
# Design Mode: 90nm
# Analysis Mode: MMMC OCV 
# Parasitics Mode: SPEF/RCDB
# Signoff Settings: SI On 
#################################################################################
Total number of fetched objects 16
AAE_INFO-618: Total number of nets in the design is 19,  68.4 percent of the nets selected for SI analysis
End delay calculation. (MEM=964.457 CPU=0:00:00.0 REAL=0:00:00.0)
Loading CTE timing window with TwFlowType 0...(CPU = 0:00:00.0, REAL = 0:00:00.0, MEM = 964.5M)
Add other clocks and setupCteToAAEClockMapping during iter 1
Loading CTE timing window is completed (CPU = 0:00:00.0, REAL = 0:00:00.0, MEM = 964.5M)
Starting SI iteration 2
Glitch Analysis: View _default_view_ -- Total Number of Nets Skipped = 0. 
Glitch Analysis: View _default_view_ -- Total Number of Nets Analyzed = 16. 
Total number of fetched objects 16
AAE_INFO-618: Total number of nets in the design is 19,  0.0 percent of the nets selected for SI analysis
End delay calculation. (MEM=932.453 CPU=0:00:00.0 REAL=0:00:00.0)
<CMD> setVerifyGeometryMode -area { 0 0 0 0 } -minWidth true -minSpacing true -minArea true -sameNet true -short true -overlap true -offRGrid false -offMGrid true -mergedMGridCheck true -minHole true -implantCheck true -minimumCut true -minStep true -viaEnclosure true -antenna false -insuffMetalOverlap true -pinInBlkg false -diffCellViol true -sameCellViol false -padFillerCellsOverlap true -routingBlkgPinOverlap true -routingCellBlkgOverlap true -regRoutingOnly false -stackedViasOnRegNet false -wireExt true -useNonDefaultSpacing false -maxWidth true -maxNonPrefLength -1 -error 1000
<CMD> verifyGeometry
 *** Starting Verify Geometry (MEM: 924.4) ***

**WARN: (IMPVFG-257):	verifyGeometry command is replaced by verify_drc command. It still works in this release but will be removed in future release. Please update your script to use the new command.
  VERIFY GEOMETRY ...... Starting Verification
  VERIFY GEOMETRY ...... Initializing
  VERIFY GEOMETRY ...... Deleting Existing Violations
  VERIFY GEOMETRY ...... Creating Sub-Areas
                  ...... bin size: 3520
VG: elapsed time: 0.00
Begin Summary ...
  Cells       : 0
  SameNet     : 0
  Wiring      : 0
  Antenna     : 0
  Short       : 0
  Overlap     : 0
End Summary

  Verification Complete : 0 Viols.  0 Wrngs.

**********End: VERIFY GEOMETRY**********
 *** verify geometry (CPU: 0:00:00.0  MEM: 12.7M)

<CMD> setVerifyGeometryMode -area { 0 0 0 0 }
<CMD> get_verify_drc_mode -disable_rules -quiet
<CMD> get_verify_drc_mode -quiet -area
<CMD> get_verify_drc_mode -quiet -layer_range
<CMD> get_verify_drc_mode -check_implant -quiet
<CMD> get_verify_drc_mode -check_implant_across_rows -quiet
<CMD> get_verify_drc_mode -check_ndr_spacing -quiet
<CMD> get_verify_drc_mode -check_only -quiet
<CMD> get_verify_drc_mode -check_same_via_cell -quiet
<CMD> get_verify_drc_mode -exclude_pg_net -quiet
<CMD> get_verify_drc_mode -ignore_trial_route -quiet
<CMD> get_verify_drc_mode -max_wrong_way_halo -quiet
<CMD> get_verify_drc_mode -use_min_spacing_on_block_obs -quiet
<CMD> get_verify_drc_mode -limit -quiet
<CMD> set_verify_drc_mode -disable_rules {} -check_implant true -check_implant_across_rows false -check_ndr_spacing false -check_same_via_cell false -exclude_pg_net false -ignore_trial_route false -report contador.drc.rpt -limit 1000
<CMD> verify_drc
#-report contador.drc.rpt                # string, default="", user setting
 *** Starting Verify DRC (MEM: 937.1) ***

  VERIFY DRC ...... Starting Verification
  VERIFY DRC ...... Initializing
  VERIFY DRC ...... Deleting Existing Violations
  VERIFY DRC ...... Creating Sub-Areas
  VERIFY DRC ...... Using new threading
  VERIFY DRC ...... Sub-Area: {0.000 0.000 53.760 25.760} 1 of 1
  VERIFY DRC ...... Sub-Area : 1 complete 0 Viols.

  Verification Complete : 0 Viols.

 *** End Verify DRC (CPU: 0:00:00.0  ELAPSED TIME: 0.00  MEM: 0.0M) ***

<CMD> set_verify_drc_mode -area {0 0 0 0}
<CMD> verifyConnectivity -type all -error 1000 -warning 50
VERIFY_CONNECTIVITY use new engine.

******** Start: VERIFY CONNECTIVITY ********
Start Time: Tue Mar  1 13:16:46 2022

Design Name: contador
Database Units: 1000
Design Boundary: (0.0000, 0.0000) (53.7600, 25.7600)
Error Limit = 1000; Warning Limit = 50
Check all nets

Begin Summary 
  Found no problems or warnings.
End Summary

End Time: Tue Mar  1 13:16:46 2022
Time Elapsed: 0:00:00.0

******** End: VERIFY CONNECTIVITY ********
  Verification Complete : 0 Viols.  0 Wrngs.
  (CPU Time: 0:00:00.0  MEM: 0.000M)

<CMD> verifyProcessAntenna -reportfile contador.antenna.rpt -error 1000

******* START VERIFY ANTENNA ********
Report File: contador.antenna.rpt
LEF Macro File: contador.antenna.lef
Verification Complete: 0 Violations
******* DONE VERIFY ANTENNA ********
(CPU Time: 0:00:00.0  MEM: 0.000M)


*** Memory Usage v#1 (Current mem = 855.617M, initial mem = 169.984M) ***
*** Message Summary: 83 warning(s), 0 error(s)

--- Ending "Innovus" (totcpu=0:02:24, real=0:12:46, mem=855.6M) ---
