INCLUDE	$CDS_ROOT/share/cdssetup/cds.lib
|
ncsdfc: *W,DLCVAR (/home/100000000819930/cds.lib,5): cds.lib Invalid environment variable ''.
DEFINE sbaLib 			$CDS_ROOT/tools/dfII/etc/cdslib/artist/sbaLib 
|
ncsdfc: *W,DLCVAR (/home/100000000819930/cds.lib,7): cds.lib Invalid environment variable ''.
DEFINE sample 			$CDS_ROOT/tools/dfII/samples/cdslib/sample 
|
ncsdfc: *W,DLCVAR (/home/100000000819930/cds.lib,8): cds.lib Invalid environment variable ''.
DEFINE connectLib		$IUSHOME/tools/affirma_ams/etc/connect_lib/connectLib
|
ncsdfc: *W,DLCVAR (/home/100000000819930/cds.lib,9): cds.lib Invalid environment variable ''.
DEFINE cmrf7sf 			$IBMPDK/cmrf7sf/relAM/cdslib/cmrf7sf
|
ncsdfc: *W,DLCVAR (/home/100000000819930/cds.lib,14): cds.lib Invalid environment variable ''.
DEFINE esd7rf 			$IBMPDK/cmrf7sf/relAM/cdslib/esd7rf
|
ncsdfc: *W,DLCVAR (/home/100000000819930/cds.lib,15): cds.lib Invalid environment variable ''.
DEFINE std_cells		$IBMPDK/cmrf7sf/std_cells
|
ncsdfc: *W,DLCVAR (/home/100000000819930/cds.lib,16): cds.lib Invalid environment variable ''.
ncsdfc(64): 15.20-s036: (c) Copyright 1995-2017 Cadence Design Systems, Inc.
	Reading SDF file from location "contador.sdf"
