Analysis & Elaboration report for andre
Wed Mar 09 01:54:11 2022
Quartus II 64-Bit Version 13.1.0 Build 162 10/23/2013 SJ Web Edition


---------------------
; Table of Contents ;
---------------------
  1. Legal Notice
  2. Analysis & Elaboration Summary
  3. Parallel Compilation
  4. Analysis & Elaboration Settings
  5. Port Connectivity Checks: "bo:bloco_operativo|somadorsubtrator_2x:somasub"
  6. Port Connectivity Checks: "bo:bloco_operativo|mux2para1:mux3"
  7. Port Connectivity Checks: "bo:bloco_operativo|mux2para1_2x:mux2"
  8. Analysis & Elaboration Messages



----------------
; Legal Notice ;
----------------
Copyright (C) 1991-2013 Altera Corporation
Your use of Altera Corporation's design tools, logic functions 
and other software and tools, and its AMPP partner logic 
functions, and any output files from any of the foregoing 
(including device programming or simulation files), and any 
associated documentation or information are expressly subject 
to the terms and conditions of the Altera Program License 
Subscription Agreement, Altera MegaCore Function License 
Agreement, or other applicable license agreement, including, 
without limitation, that your use is for the sole purpose of 
programming logic devices manufactured by Altera and sold by 
Altera or its authorized distributors.  Please refer to the 
applicable agreement for further details.



+---------------------------------------------------------------------------------+
; Analysis & Elaboration Summary                                                  ;
+------------------------------------+--------------------------------------------+
; Analysis & Elaboration Status      ; Successful - Wed Mar 09 01:54:11 2022      ;
; Quartus II 64-Bit Version          ; 13.1.0 Build 162 10/23/2013 SJ Web Edition ;
; Revision Name                      ; andre                                      ;
; Top-level Entity Name              ; multiplier                                 ;
; Family                             ; Cyclone IV GX                              ;
; Total logic elements               ; N/A until Partition Merge                  ;
;     Total combinational functions  ; N/A until Partition Merge                  ;
;     Dedicated logic registers      ; N/A until Partition Merge                  ;
; Total registers                    ; N/A until Partition Merge                  ;
; Total pins                         ; N/A until Partition Merge                  ;
; Total virtual pins                 ; N/A until Partition Merge                  ;
; Total memory bits                  ; N/A until Partition Merge                  ;
; Embedded Multiplier 9-bit elements ; N/A until Partition Merge                  ;
; Total GXB Receiver Channel PCS     ; N/A until Partition Merge                  ;
; Total GXB Receiver Channel PMA     ; N/A until Partition Merge                  ;
; Total GXB Transmitter Channel PCS  ; N/A until Partition Merge                  ;
; Total GXB Transmitter Channel PMA  ; N/A until Partition Merge                  ;
; Total PLLs                         ; N/A until Partition Merge                  ;
+------------------------------------+--------------------------------------------+


Parallel compilation was disabled, but you have multiple processors available. Enable parallel compilation to reduce compilation time.
+-------------------------------------+
; Parallel Compilation                ;
+----------------------------+--------+
; Processors                 ; Number ;
+----------------------------+--------+
; Number detected on machine ; 4      ;
; Maximum allowed            ; 1      ;
+----------------------------+--------+


+----------------------------------------------------------------------------------------------------------------------+
; Analysis & Elaboration Settings                                                                                      ;
+----------------------------------------------------------------------------+--------------------+--------------------+
; Option                                                                     ; Setting            ; Default Value      ;
+----------------------------------------------------------------------------+--------------------+--------------------+
; Device                                                                     ; EP4CGX150DF31I7AD  ;                    ;
; Top-level entity name                                                      ; multiplier         ; andre              ;
; Family name                                                                ; Cyclone IV GX      ; Cyclone IV GX      ;
; Use smart compilation                                                      ; Off                ; Off                ;
; Enable parallel Assembler and TimeQuest Timing Analyzer during compilation ; On                 ; On                 ;
; Enable compact report table                                                ; Off                ; Off                ;
; Restructure Multiplexers                                                   ; Auto               ; Auto               ;
; Create Debugging Nodes for IP Cores                                        ; Off                ; Off                ;
; Preserve fewer node names                                                  ; On                 ; On                 ;
; Disable OpenCore Plus hardware evaluation                                  ; Off                ; Off                ;
; Verilog Version                                                            ; Verilog_2001       ; Verilog_2001       ;
; VHDL Version                                                               ; VHDL_1993          ; VHDL_1993          ;
; State Machine Processing                                                   ; Auto               ; Auto               ;
; Safe State Machine                                                         ; Off                ; Off                ;
; Extract Verilog State Machines                                             ; On                 ; On                 ;
; Extract VHDL State Machines                                                ; On                 ; On                 ;
; Ignore Verilog initial constructs                                          ; Off                ; Off                ;
; Iteration limit for constant Verilog loops                                 ; 5000               ; 5000               ;
; Iteration limit for non-constant Verilog loops                             ; 250                ; 250                ;
; Add Pass-Through Logic to Inferred RAMs                                    ; On                 ; On                 ;
; Infer RAMs from Raw Logic                                                  ; On                 ; On                 ;
; Parallel Synthesis                                                         ; On                 ; On                 ;
; DSP Block Balancing                                                        ; Auto               ; Auto               ;
; NOT Gate Push-Back                                                         ; On                 ; On                 ;
; Power-Up Don't Care                                                        ; On                 ; On                 ;
; Remove Redundant Logic Cells                                               ; Off                ; Off                ;
; Remove Duplicate Registers                                                 ; On                 ; On                 ;
; Ignore CARRY Buffers                                                       ; Off                ; Off                ;
; Ignore CASCADE Buffers                                                     ; Off                ; Off                ;
; Ignore GLOBAL Buffers                                                      ; Off                ; Off                ;
; Ignore ROW GLOBAL Buffers                                                  ; Off                ; Off                ;
; Ignore LCELL Buffers                                                       ; Off                ; Off                ;
; Ignore SOFT Buffers                                                        ; On                 ; On                 ;
; Limit AHDL Integers to 32 Bits                                             ; Off                ; Off                ;
; Optimization Technique                                                     ; Balanced           ; Balanced           ;
; Carry Chain Length                                                         ; 70                 ; 70                 ;
; Auto Carry Chains                                                          ; On                 ; On                 ;
; Auto Open-Drain Pins                                                       ; On                 ; On                 ;
; Perform WYSIWYG Primitive Resynthesis                                      ; Off                ; Off                ;
; Auto ROM Replacement                                                       ; On                 ; On                 ;
; Auto RAM Replacement                                                       ; On                 ; On                 ;
; Auto DSP Block Replacement                                                 ; On                 ; On                 ;
; Auto Shift Register Replacement                                            ; Auto               ; Auto               ;
; Allow Shift Register Merging across Hierarchies                            ; Auto               ; Auto               ;
; Auto Clock Enable Replacement                                              ; On                 ; On                 ;
; Strict RAM Replacement                                                     ; Off                ; Off                ;
; Allow Synchronous Control Signals                                          ; On                 ; On                 ;
; Force Use of Synchronous Clear Signals                                     ; Off                ; Off                ;
; Auto RAM Block Balancing                                                   ; On                 ; On                 ;
; Auto RAM to Logic Cell Conversion                                          ; Off                ; Off                ;
; Auto Resource Sharing                                                      ; Off                ; Off                ;
; Allow Any RAM Size For Recognition                                         ; Off                ; Off                ;
; Allow Any ROM Size For Recognition                                         ; Off                ; Off                ;
; Allow Any Shift Register Size For Recognition                              ; Off                ; Off                ;
; Use LogicLock Constraints during Resource Balancing                        ; On                 ; On                 ;
; Ignore translate_off and synthesis_off directives                          ; Off                ; Off                ;
; Timing-Driven Synthesis                                                    ; On                 ; On                 ;
; Report Parameter Settings                                                  ; On                 ; On                 ;
; Report Source Assignments                                                  ; On                 ; On                 ;
; Report Connectivity Checks                                                 ; On                 ; On                 ;
; Ignore Maximum Fan-Out Assignments                                         ; Off                ; Off                ;
; Synchronization Register Chain Length                                      ; 2                  ; 2                  ;
; PowerPlay Power Optimization                                               ; Normal compilation ; Normal compilation ;
; HDL message level                                                          ; Level2             ; Level2             ;
; Suppress Register Optimization Related Messages                            ; Off                ; Off                ;
; Number of Removed Registers Reported in Synthesis Report                   ; 5000               ; 5000               ;
; Number of Swept Nodes Reported in Synthesis Report                         ; 5000               ; 5000               ;
; Number of Inverted Registers Reported in Synthesis Report                  ; 100                ; 100                ;
; Clock MUX Protection                                                       ; On                 ; On                 ;
; Auto Gated Clock Conversion                                                ; Off                ; Off                ;
; Block Design Naming                                                        ; Auto               ; Auto               ;
; SDC constraint protection                                                  ; Off                ; Off                ;
; Synthesis Effort                                                           ; Auto               ; Auto               ;
; Shift Register Replacement - Allow Asynchronous Clear Signal               ; On                 ; On                 ;
; Pre-Mapping Resynthesis Optimization                                       ; Off                ; Off                ;
; Analysis & Synthesis Message Level                                         ; Medium             ; Medium             ;
; Disable Register Merging Across Hierarchies                                ; Auto               ; Auto               ;
; Resource Aware Inference For Block RAM                                     ; On                 ; On                 ;
; Synthesis Seed                                                             ; 1                  ; 1                  ;
+----------------------------------------------------------------------------+--------------------+--------------------+


+----------------------------------------------------------------------------+
; Port Connectivity Checks: "bo:bloco_operativo|somadorsubtrator_2x:somasub" ;
+----------+-------+----------+----------------------------------------------+
; Port     ; Type  ; Severity ; Details                                      ;
+----------+-------+----------+----------------------------------------------+
; b[15..8] ; Input ; Info     ; Stuck at GND                                 ;
+----------+-------+----------+----------------------------------------------+


+---------------------------------------------------------------+
; Port Connectivity Checks: "bo:bloco_operativo|mux2para1:mux3" ;
+---------+-------+----------+----------------------------------+
; Port    ; Type  ; Severity ; Details                          ;
+---------+-------+----------+----------------------------------+
; b[7..1] ; Input ; Info     ; Stuck at GND                     ;
; b[0]    ; Input ; Info     ; Stuck at VCC                     ;
+---------+-------+----------+----------------------------------+


+------------------------------------------------------------------+
; Port Connectivity Checks: "bo:bloco_operativo|mux2para1_2x:mux2" ;
+----------+-------+----------+------------------------------------+
; Port     ; Type  ; Severity ; Details                            ;
+----------+-------+----------+------------------------------------+
; b[15..8] ; Input ; Info     ; Stuck at GND                       ;
+----------+-------+----------+------------------------------------+


+---------------------------------+
; Analysis & Elaboration Messages ;
+---------------------------------+
Info: *******************************************************************
Info: Running Quartus II 64-Bit Analysis & Elaboration
    Info: Version 13.1.0 Build 162 10/23/2013 SJ Web Edition
    Info: Processing started: Wed Mar 09 01:54:10 2022
Info: Command: quartus_map --read_settings_files=on --write_settings_files=off andre -c andre --analysis_and_elaboration
Warning (20028): Parallel compilation is not licensed and has been disabled
Info (12021): Found 2 design units, including 1 entities, in source file somadorsubtrator_2x.vhd
    Info (12022): Found design unit 1: somadorsubtrator_2x-estrutura
    Info (12023): Found entity 1: somadorsubtrator_2x
Info (12021): Found 2 design units, including 1 entities, in source file registrador_r_2x.vhd
    Info (12022): Found design unit 1: registrador_r_2x-estrutura
    Info (12023): Found entity 1: registrador_r_2x
Info (12021): Found 2 design units, including 1 entities, in source file registrador_2x.vhd
    Info (12022): Found design unit 1: registrador_2x-estrutura
    Info (12023): Found entity 1: registrador_2x
Info (12021): Found 2 design units, including 1 entities, in source file mux2para1_2x.vhd
    Info (12022): Found design unit 1: mux2para1_2x-comportamento
    Info (12023): Found entity 1: mux2para1_2x
Info (12021): Found 2 design units, including 1 entities, in source file /users/luisa/documents/programming/csi-labs/8/multiplier/sim/tb/multiplier_tb.vhd
    Info (12022): Found design unit 1: multiplier_tb-tb
    Info (12023): Found entity 1: multiplier_tb
Info (12021): Found 2 design units, including 1 entities, in source file somadorsubtrator.vhd
    Info (12022): Found design unit 1: somadorsubtrator-estrutura
    Info (12023): Found entity 1: somadorsubtrator
Info (12021): Found 2 design units, including 1 entities, in source file registrador_r.vhd
    Info (12022): Found design unit 1: registrador_r-estrutura
    Info (12023): Found entity 1: registrador_r
Info (12021): Found 2 design units, including 1 entities, in source file registrador.vhd
    Info (12022): Found design unit 1: registrador-estrutura
    Info (12023): Found entity 1: registrador
Info (12021): Found 2 design units, including 1 entities, in source file mux2para1.vhd
    Info (12022): Found design unit 1: mux2para1-comportamento
    Info (12023): Found entity 1: mux2para1
Info (12021): Found 2 design units, including 1 entities, in source file multiplier.vhd
    Info (12022): Found design unit 1: multiplier-estrutura
    Info (12023): Found entity 1: multiplier
Info (12021): Found 2 design units, including 1 entities, in source file igualazero.vhd
    Info (12022): Found design unit 1: igualazero-estrutura
    Info (12023): Found entity 1: igualazero
Info (12021): Found 2 design units, including 1 entities, in source file bo.vhd
    Info (12022): Found design unit 1: bo-estrutura
    Info (12023): Found entity 1: bo
Info (12021): Found 2 design units, including 1 entities, in source file bc.vhd
    Info (12022): Found design unit 1: bc-estrutura
    Info (12023): Found entity 1: bc
Info (12127): Elaborating entity "multiplier" for the top level hierarchy
Info (12128): Elaborating entity "bo" for hierarchy "bo:bloco_operativo"
Info (12128): Elaborating entity "mux2para1" for hierarchy "bo:bloco_operativo|mux2para1:mux1"
Info (12128): Elaborating entity "registrador_r_2x" for hierarchy "bo:bloco_operativo|registrador_r_2x:regp"
Info (12128): Elaborating entity "registrador" for hierarchy "bo:bloco_operativo|registrador:rega"
Info (12128): Elaborating entity "mux2para1_2x" for hierarchy "bo:bloco_operativo|mux2para1_2x:mux2"
Info (12128): Elaborating entity "somadorsubtrator_2x" for hierarchy "bo:bloco_operativo|somadorsubtrator_2x:somasub"
Info (12128): Elaborating entity "igualazero" for hierarchy "bo:bloco_operativo|igualazero:geraaz"
Info (12128): Elaborating entity "bc" for hierarchy "bc:bloco_controle"
Info: Quartus II 64-Bit Analysis & Elaboration was successful. 0 errors, 1 warning
    Info: Peak virtual memory: 4699 megabytes
    Info: Processing ended: Wed Mar 09 01:54:11 2022
    Info: Elapsed time: 00:00:01
    Info: Total CPU time (on all processors): 00:00:01


